<?xml version="1.0" encoding="UTF-8"?><Transaction xmlns:xsd="http://www.w3.org/2001/XMLSchema" xmlns:xsi="http://www.w3.org/2001/XMLSchema-instance" Version="15.0.4.11"><TransactionAttributes><ContextItem><Name>Description</Name><Description>Transaction Description</Description><MinRange>0</MinRange><MaxRange>0</MaxRange><Value xsi:type="string"/><ReadOnly>true</ReadOnly><AlertXMLAssigned>false</AlertXMLAssigned></ContextItem><ContextItem><Name>Comments</Name><Description>User Comments</Description><MinRange>0</MinRange><MaxRange>0</MaxRange><Value xsi:type="string"/><ReadOnly>true</ReadOnly><AlertXMLAssigned>false</AlertXMLAssigned></ContextItem><ContextItem><Name>CreatedBy</Name><Description>Created By</Description><MinRange>0</MinRange><MaxRange>0</MaxRange><Value xsi:type="string">RadPa</Value><ReadOnly>true</ReadOnly><AlertXMLAssigned>false</AlertXMLAssigned></ContextItem><ContextItem><Name>CreationDate</Name><Description>Creation Date</Description><MinRange>0</MinRange><MaxRange>0</MaxRange><Value xsi:type="dateTime">2014-04-22T14:01:46</Value><ReadOnly>true</ReadOnly><AlertXMLAssigned>false</AlertXMLAssigned></ContextItem><ContextItem><Name>Category</Name><Description>Transaction Category</Description><MinRange>0</MinRange><MaxRange>0</MaxRange><Value xsi:type="string"/><ReadOnly>true</ReadOnly><AlertXMLAssigned>false</AlertXMLAssigned></ContextItem><ContextItem><Name>Status</Name><Description>Deployment Status</Description><MinRange>0</MinRange><MaxRange>0</MaxRange><Value xsi:type="string">DEVELOPMENT</Value><ReadOnly>true</ReadOnly><AlertXMLAssigned>false</AlertXMLAssigned></ContextItem><ContextItem><Name>LegacyProcessingMode</Name><Description>Support the pre MII 12.1 Transaction Engine.</Description><MinRange>0</MinRange><MaxRange>0</MaxRange><Value xsi:type="boolean">0</Value><ReadOnly>true</ReadOnly><AlertXMLAssigned>false</AlertXMLAssigned></ContextItem><ContextItem><Name>AutoAppendBlankNamespaces</Name><Description>AutoAppendBlankNamespaces</Description><MinRange>0</MinRange><MaxRange>0</MaxRange><Value xsi:type="boolean">1</Value><ReadOnly>true</ReadOnly><AlertXMLAssigned>false</AlertXMLAssigned></ContextItem><ContextItem><Name>ThrowOnLinkError</Name><Description>Throws an exception when a link error occures</Description><MinRange>0</MinRange><MaxRange>0</MaxRange><Value xsi:type="boolean">0</Value><ReadOnly>true</ReadOnly><AlertXMLAssigned>false</AlertXMLAssigned></ContextItem><ContextItem><Name>ThrowOnActionError</Name><Description>Throws an exception when an action error occurs</Description><MinRange>0</MinRange><MaxRange>0</MaxRange><Value xsi:type="boolean">1</Value><ReadOnly>true</ReadOnly><AlertXMLAssigned>false</AlertXMLAssigned></ContextItem><ContextItem><Name>LastEditedBy</Name><Description>Last Edited By</Description><MinRange>0</MinRange><MaxRange>0</MaxRange><Value xsi:type="xsd:string">SeaWu</Value><ReadOnly>true</ReadOnly><AlertXMLAssigned>false</AlertXMLAssigned></ContextItem><ContextItem><Name>LastEditedDate</Name><Description>Last Edited Date</Description><MinRange>0</MinRange><MaxRange>0</MaxRange><Value xsi:type="xsd:dateTime">2016-09-28T17:49:43</Value><ReadOnly>true</ReadOnly><AlertXMLAssigned>false</AlertXMLAssigned></ContextItem><ContextItem><Name>FormatXMLOnConversion</Name><Description>By default XML will be formatted when assigned from XML data type to String data type. This behaviour can be changed with this flag.</Description><MinRange>0</MinRange><MaxRange>0</MaxRange><Value xsi:type="boolean">1</Value><ReadOnly>true</ReadOnly><AlertXMLAssigned>false</AlertXMLAssigned></ContextItem></TransactionAttributes><Name>OEEM/MANAGEMENT/TRANSACTIONS/getHierarchyHeaders2</Name><Version>622</Version><WriterRoles>Everyone,SAP_XMII_Administrator,SAP_XMII_Developer,SAP_XMII_DynamicQuery,SAP_XMII_Super_Administrator,SAP_XMII_User</WriterRoles><Context><ContextItem><Name>HC_OUT</Name><Description>JSON Output</Description><MinRange>0</MinRange><MaxRange>0</MaxRange><Value xsi:type="string"/><ReadOnly>true</ReadOnly><AlertXMLAssigned>false</AlertXMLAssigned></ContextItem><ContextItem><Name>IDPLANT</Name><Description>ID Plant Filter</Description><MinRange>0</MinRange><MaxRange>0</MaxRange><Value xsi:type="string">ALL</Value><ReadOnly>false</ReadOnly><AlertXMLAssigned>false</AlertXMLAssigned></ContextItem><ContextItem><Name>SERVER_SQL</Name><Description>SQL server where the data is stored</Description><MinRange>0</MinRange><MaxRange>0</MaxRange><Value xsi:type="string">OEEM</Value><ReadOnly>false</ReadOnly><AlertXMLAssigned>false</AlertXMLAssigned></ContextItem></Context><Local><ContextItem><Name>BracketsStr</Name><Description>VAriable - Contains closing curly brackets (if any needed)</Description><MinRange>0</MinRange><MaxRange>0</MaxRange><Value xsi:type="string"/><ReadOnly>false</ReadOnly><AlertXMLAssigned>false</AlertXMLAssigned></ContextItem><ContextItem><Name>content</Name><Description>Variable - Contains output without Header and Footer</Description><MinRange>0</MinRange><MaxRange>0</MaxRange><Value xsi:type="string"/><ReadOnly>false</ReadOnly><AlertXMLAssigned>false</AlertXMLAssigned></ContextItem><ContextItem><Name>DeltaLevel</Name><Description>Variable - Stores the value Local.Level - Local.TempLevel</Description><MinRange>0</MinRange><MaxRange>0</MaxRange><Value xsi:type="integer">0</Value><ReadOnly>false</ReadOnly><AlertXMLAssigned>false</AlertXMLAssigned></ContextItem><ContextItem><Name>header</Name><Description>Contains Root oData items (two curly brackets open)</Description><MinRange>0</MinRange><MaxRange>0</MaxRange><Value xsi:type="string">{ root : { name : "root"</Value><ReadOnly>false</ReadOnly><AlertXMLAssigned>false</AlertXMLAssigned></ContextItem><ContextItem><Name>Item</Name><Description>Variable - Contains the item</Description><MinRange>0</MinRange><MaxRange>0</MaxRange><Value xsi:type="string"/><ReadOnly>false</ReadOnly><AlertXMLAssigned>false</AlertXMLAssigned></ContextItem><ContextItem><Name>Level</Name><Description>Level ID from the current row</Description><MinRange>0</MinRange><MaxRange>0</MaxRange><Value xsi:type="string"/><ReadOnly>false</ReadOnly><AlertXMLAssigned>false</AlertXMLAssigned></ContextItem><ContextItem><Name>TempLevel</Name><Description>Level ID from the previous row</Description><MinRange>0</MinRange><MaxRange>0</MaxRange><Value xsi:type="string"/><ReadOnly>false</ReadOnly><AlertXMLAssigned>false</AlertXMLAssigned></ContextItem></Local><Layout><GUILayoutItem><Name>Sequence_4</Name><X>512</X><Y>8</Y><Width>120</Width><SpacingWidth>1128</SpacingWidth><DescendantWidth>1128</DescendantWidth><Height>96</Height></GUILayoutItem><GUILayoutItem><Name>Sequence_16</Name><X>512</X><Y>416</Y><Width>120</Width><SpacingWidth>840</SpacingWidth><DescendantWidth>840</DescendantWidth><Height>96</Height></GUILayoutItem><GUILayoutItem><Name>Sequence_24</Name><X>8</X><Y>416</Y><Width>120</Width><SpacingWidth>120</SpacingWidth><DescendantWidth>120</DescendantWidth><Height>96</Height></GUILayoutItem><GUILayoutItem><Name>Sequence_6</Name><X>440</X><Y>280</Y><Width>120</Width><SpacingWidth>984</SpacingWidth><DescendantWidth>984</DescendantWidth><Height>96</Height></GUILayoutItem><GUILayoutItem><Name>FirstRec</Name><X>448</X><Y>296</Y><Width>104</Width><SpacingWidth>0</SpacingWidth><DescendantWidth>0</DescendantWidth><Height>72</Height></GUILayoutItem><GUILayoutItem><Name>AssignFirst</Name><X>16</X><Y>432</Y><Width>104</Width><SpacingWidth>0</SpacingWidth><DescendantWidth>0</DescendantWidth><Height>72</Height></GUILayoutItem><GUILayoutItem><Name>AssignLevel</Name><X>520</X><Y>432</Y><Width>104</Width><SpacingWidth>0</SpacingWidth><DescendantWidth>0</DescendantWidth><Height>72</Height></GUILayoutItem><GUILayoutItem><Name>Sequence_7</Name><X>440</X><Y>552</Y><Width>120</Width><SpacingWidth>696</SpacingWidth><DescendantWidth>696</DescendantWidth><Height>96</Height></GUILayoutItem><GUILayoutItem><Name>Assign_Item</Name><X>448</X><Y>568</Y><Width>104</Width><SpacingWidth>0</SpacingWidth><DescendantWidth>0</DescendantWidth><Height>72</Height></GUILayoutItem><GUILayoutItem><Name>Sequence_5</Name><X>440</X><Y>688</Y><Width>120</Width><SpacingWidth>696</SpacingWidth><DescendantWidth>696</DescendantWidth><Height>96</Height></GUILayoutItem><GUILayoutItem><Name>TMP_GT_LVL</Name><X>448</X><Y>704</Y><Width>104</Width><SpacingWidth>0</SpacingWidth><DescendantWidth>0</DescendantWidth><Height>72</Height></GUILayoutItem><GUILayoutItem><Name>Sequence_8</Name><X>152</X><Y>824</Y><Width>120</Width><SpacingWidth>120</SpacingWidth><DescendantWidth>0</DescendantWidth><Height>96</Height></GUILayoutItem><GUILayoutItem><Name>Add_Mid_0</Name><X>160</X><Y>840</Y><Width>104</Width><SpacingWidth>0</SpacingWidth><DescendantWidth>0</DescendantWidth><Height>72</Height></GUILayoutItem><GUILayoutItem><Name>Sequence_10</Name><X>512</X><Y>824</Y><Width>120</Width><SpacingWidth>552</SpacingWidth><DescendantWidth>552</DescendantWidth><Height>96</Height></GUILayoutItem><GUILayoutItem><Name>TMP_EQ_LVL</Name><X>520</X><Y>840</Y><Width>104</Width><SpacingWidth>0</SpacingWidth><DescendantWidth>0</DescendantWidth><Height>72</Height></GUILayoutItem><GUILayoutItem><Name>Sequence_11</Name><X>296</X><Y>960</Y><Width>120</Width><SpacingWidth>120</SpacingWidth><DescendantWidth>0</DescendantWidth><Height>96</Height></GUILayoutItem><GUILayoutItem><Name>Sequence_12</Name><X>584</X><Y>960</Y><Width>120</Width><SpacingWidth>408</SpacingWidth><DescendantWidth>408</DescendantWidth><Height>96</Height></GUILayoutItem><GUILayoutItem><Name>Add_Mid_1</Name><X>304</X><Y>976</Y><Width>104</Width><SpacingWidth>0</SpacingWidth><DescendantWidth>0</DescendantWidth><Height>72</Height></GUILayoutItem><GUILayoutItem><Name>ResetBrackets</Name><X>592</X><Y>976</Y><Width>104</Width><SpacingWidth>0</SpacingWidth><DescendantWidth>0</DescendantWidth><Height>72</Height></GUILayoutItem><GUILayoutItem><Name>Sequence_13</Name><X>584</X><Y>1096</Y><Width>120</Width><SpacingWidth>408</SpacingWidth><DescendantWidth>408</DescendantWidth><Height>96</Height></GUILayoutItem><GUILayoutItem><Name>Assign_DeltaLevel</Name><X>592</X><Y>1112</Y><Width>104</Width><SpacingWidth>0</SpacingWidth><DescendantWidth>0</DescendantWidth><Height>72</Height></GUILayoutItem><GUILayoutItem><Name>Sequence_17</Name><X>512</X><Y>1232</Y><Width>120</Width><SpacingWidth>264</SpacingWidth><DescendantWidth>264</DescendantWidth><Height>96</Height></GUILayoutItem><GUILayoutItem><Name>For_Next_Loop_0</Name><X>520</X><Y>1248</Y><Width>104</Width><SpacingWidth>0</SpacingWidth><DescendantWidth>0</DescendantWidth><Height>72</Height></GUILayoutItem><GUILayoutItem><Name>Sequence_18</Name><X>440</X><Y>1368</Y><Width>120</Width><SpacingWidth>120</SpacingWidth><DescendantWidth>0</DescendantWidth><Height>96</Height></GUILayoutItem><GUILayoutItem><Name>Assign_Brackets</Name><X>448</X><Y>1384</Y><Width>104</Width><SpacingWidth>0</SpacingWidth><DescendantWidth>0</DescendantWidth><Height>72</Height></GUILayoutItem><GUILayoutItem><Name>Sequence_19</Name><X>584</X><Y>1368</Y><Width>120</Width><SpacingWidth>120</SpacingWidth><DescendantWidth>0</DescendantWidth><Height>96</Height></GUILayoutItem><GUILayoutItem><Name>Assign_Comma</Name><X>592</X><Y>1384</Y><Width>104</Width><SpacingWidth>0</SpacingWidth><DescendantWidth>0</DescendantWidth><Height>72</Height></GUILayoutItem><GUILayoutItem><Name>Sequence_15</Name><X>728</X><Y>1232</Y><Width>120</Width><SpacingWidth>120</SpacingWidth><DescendantWidth>0</DescendantWidth><Height>96</Height></GUILayoutItem><GUILayoutItem><Name>Add_Mid_2</Name><X>736</X><Y>1248</Y><Width>104</Width><SpacingWidth>0</SpacingWidth><DescendantWidth>0</DescendantWidth><Height>72</Height></GUILayoutItem><GUILayoutItem><Name>Sequence_20</Name><X>872</X><Y>552</Y><Width>120</Width><SpacingWidth>120</SpacingWidth><DescendantWidth>120</DescendantWidth><Height>96</Height></GUILayoutItem><GUILayoutItem><Name>LastRec</Name><X>880</X><Y>568</Y><Width>104</Width><SpacingWidth>0</SpacingWidth><DescendantWidth>0</DescendantWidth><Height>72</Height></GUILayoutItem><GUILayoutItem><Name>Sequence_28</Name><X>872</X><Y>688</Y><Width>120</Width><SpacingWidth>120</SpacingWidth><DescendantWidth>120</DescendantWidth><Height>96</Height></GUILayoutItem><GUILayoutItem><Name>Loop2</Name><X>880</X><Y>704</Y><Width>104</Width><SpacingWidth>0</SpacingWidth><DescendantWidth>0</DescendantWidth><Height>72</Height></GUILayoutItem><GUILayoutItem><Name>Sequence_29</Name><X>872</X><Y>824</Y><Width>120</Width><SpacingWidth>120</SpacingWidth><DescendantWidth>0</DescendantWidth><Height>96</Height></GUILayoutItem><GUILayoutItem><Name>CloseItems2</Name><X>880</X><Y>840</Y><Width>104</Width><SpacingWidth>0</SpacingWidth><DescendantWidth>0</DescendantWidth><Height>72</Height></GUILayoutItem><GUILayoutItem><Name>Sequence_21</Name><X>8</X><Y>552</Y><Width>120</Width><SpacingWidth>120</SpacingWidth><DescendantWidth>120</DescendantWidth><Height>96</Height></GUILayoutItem><GUILayoutItem><Name>OneRecOnly</Name><X>16</X><Y>568</Y><Width>104</Width><SpacingWidth>0</SpacingWidth><DescendantWidth>0</DescendantWidth><Height>72</Height></GUILayoutItem><GUILayoutItem><Name>Sequence_22</Name><X>8</X><Y>688</Y><Width>120</Width><SpacingWidth>120</SpacingWidth><DescendantWidth>0</DescendantWidth><Height>96</Height></GUILayoutItem><GUILayoutItem><Name>CloseBracket</Name><X>16</X><Y>704</Y><Width>104</Width><SpacingWidth>0</SpacingWidth><DescendantWidth>0</DescendantWidth><Height>72</Height></GUILayoutItem><GUILayoutItem><Name>getUnitsData</Name><X>520</X><Y>24</Y><Width>104</Width><SpacingWidth>0</SpacingWidth><DescendantWidth>0</DescendantWidth><Height>72</Height></GUILayoutItem><GUILayoutItem><Name>Sequence_1</Name><X>440</X><Y>144</Y><Width>120</Width><SpacingWidth>984</SpacingWidth><DescendantWidth>984</DescendantWidth><Height>96</Height></GUILayoutItem><GUILayoutItem><Name>RepeatOnRow</Name><X>448</X><Y>160</Y><Width>104</Width><SpacingWidth>0</SpacingWidth><DescendantWidth>0</DescendantWidth><Height>72</Height></GUILayoutItem><GUILayoutItem><Name>Sequence_0</Name><X>1016</X><Y>144</Y><Width>120</Width><SpacingWidth>120</SpacingWidth><DescendantWidth>120</DescendantWidth><Height>96</Height></GUILayoutItem><GUILayoutItem><Name>Sequence_2</Name><X>1016</X><Y>280</Y><Width>120</Width><SpacingWidth>120</SpacingWidth><DescendantWidth>0</DescendantWidth><Height>96</Height></GUILayoutItem><GUILayoutItem><Name>ShowHCOutput</Name><X>1024</X><Y>296</Y><Width>104</Width><SpacingWidth>0</SpacingWidth><DescendantWidth>0</DescendantWidth><Height>72</Height></GUILayoutItem><GUILayoutItem><Name>Assign_HC_OUT</Name><X>1024</X><Y>160</Y><Width>104</Width><SpacingWidth>0</SpacingWidth><DescendantWidth>0</DescendantWidth><Height>72</Height></GUILayoutItem></Layout><Actions><ContextItem><Name>FirstRec</Name><Description/><MinRange>0</MinRange><MaxRange>0</MaxRange><Value xsi:type="ConditionalAction"><Output>false</Output><InputCount>1</InputCount><LogicalAnd>false</LogicalAnd><Input1>false</Input1></Value><ReadOnly>false</ReadOnly><AlertXMLAssigned>false</AlertXMLAssigned></ContextItem><ContextItem><Name>AssignFirst</Name><Description/><MinRange>0</MinRange><MaxRange>0</MaxRange><Value xsi:type="Assignment"/><ReadOnly>false</ReadOnly><AlertXMLAssigned>false</AlertXMLAssigned></ContextItem><ContextItem><Name>AssignLevel</Name><Description/><MinRange>0</MinRange><MaxRange>0</MaxRange><Value xsi:type="Assignment"/><ReadOnly>false</ReadOnly><AlertXMLAssigned>false</AlertXMLAssigned></ContextItem><ContextItem><Name>Assign_Item</Name><Description/><MinRange>0</MinRange><MaxRange>0</MaxRange><Value xsi:type="Assignment"/><ReadOnly>false</ReadOnly><AlertXMLAssigned>false</AlertXMLAssigned></ContextItem><ContextItem><Name>TMP_GT_LVL</Name><Description/><MinRange>0</MinRange><MaxRange>0</MaxRange><Value xsi:type="ConditionalAction"><Output>false</Output><InputCount>1</InputCount><LogicalAnd>false</LogicalAnd><Input1>false</Input1></Value><ReadOnly>false</ReadOnly><AlertXMLAssigned>false</AlertXMLAssigned></ContextItem><ContextItem><Name>Add_Mid_0</Name><Description/><MinRange>0</MinRange><MaxRange>0</MaxRange><Value xsi:type="Assignment"/><ReadOnly>false</ReadOnly><AlertXMLAssigned>false</AlertXMLAssigned></ContextItem><ContextItem><Name>TMP_EQ_LVL</Name><Description/><MinRange>0</MinRange><MaxRange>0</MaxRange><Value xsi:type="ConditionalAction"><Output>false</Output><InputCount>1</InputCount><LogicalAnd>false</LogicalAnd><Input1>false</Input1></Value><ReadOnly>false</ReadOnly><AlertXMLAssigned>false</AlertXMLAssigned></ContextItem><ContextItem><Name>Add_Mid_1</Name><Description/><MinRange>0</MinRange><MaxRange>0</MaxRange><Value xsi:type="Assignment"/><ReadOnly>false</ReadOnly><AlertXMLAssigned>false</AlertXMLAssigned></ContextItem><ContextItem><Name>ResetBrackets</Name><Description/><MinRange>0</MinRange><MaxRange>0</MaxRange><Value xsi:type="Assignment"/><ReadOnly>false</ReadOnly><AlertXMLAssigned>false</AlertXMLAssigned></ContextItem><ContextItem><Name>Assign_DeltaLevel</Name><Description/><MinRange>0</MinRange><MaxRange>0</MaxRange><Value xsi:type="Assignment"/><ReadOnly>false</ReadOnly><AlertXMLAssigned>false</AlertXMLAssigned></ContextItem><ContextItem><Name>For_Next_Loop_0</Name><Description/><MinRange>0</MinRange><MaxRange>0</MaxRange><Value xsi:type="ForNextRepeaterAction"><From>0</From><To>0</To><Step>1</Step><Break>false</Break><CurrentItem>0</CurrentItem></Value><ReadOnly>false</ReadOnly><AlertXMLAssigned>false</AlertXMLAssigned></ContextItem><ContextItem><Name>Assign_Brackets</Name><Description/><MinRange>0</MinRange><MaxRange>0</MaxRange><Value xsi:type="Assignment"/><ReadOnly>false</ReadOnly><AlertXMLAssigned>false</AlertXMLAssigned></ContextItem><ContextItem><Name>Assign_Comma</Name><Description/><MinRange>0</MinRange><MaxRange>0</MaxRange><Value xsi:type="Assignment"/><ReadOnly>false</ReadOnly><AlertXMLAssigned>false</AlertXMLAssigned></ContextItem><ContextItem><Name>Add_Mid_2</Name><Description/><MinRange>0</MinRange><MaxRange>0</MaxRange><Value xsi:type="Assignment"/><ReadOnly>false</ReadOnly><AlertXMLAssigned>false</AlertXMLAssigned></ContextItem><ContextItem><Name>LastRec</Name><Description/><MinRange>0</MinRange><MaxRange>0</MaxRange><Value xsi:type="ConditionalAction"><Output>false</Output><InputCount>1</InputCount><LogicalAnd>false</LogicalAnd><Input1>false</Input1></Value><ReadOnly>false</ReadOnly><AlertXMLAssigned>false</AlertXMLAssigned></ContextItem><ContextItem><Name>Loop2</Name><Description/><MinRange>0</MinRange><MaxRange>0</MaxRange><Value xsi:type="ForNextRepeaterAction"><From>0</From><To>0</To><Step>1</Step><Break>false</Break><CurrentItem>0</CurrentItem></Value><ReadOnly>false</ReadOnly><AlertXMLAssigned>false</AlertXMLAssigned></ContextItem><ContextItem><Name>CloseItems2</Name><Description/><MinRange>0</MinRange><MaxRange>0</MaxRange><Value xsi:type="Assignment"/><ReadOnly>false</ReadOnly><AlertXMLAssigned>false</AlertXMLAssigned></ContextItem><ContextItem><Name>OneRecOnly</Name><Description/><MinRange>0</MinRange><MaxRange>0</MaxRange><Value xsi:type="ConditionalAction"><Output>false</Output><InputCount>1</InputCount><LogicalAnd>false</LogicalAnd><Input1>false</Input1></Value><ReadOnly>false</ReadOnly><AlertXMLAssigned>false</AlertXMLAssigned></ContextItem><ContextItem><Name>CloseBracket</Name><Description/><MinRange>0</MinRange><MaxRange>0</MaxRange><Value xsi:type="Assignment"/><ReadOnly>false</ReadOnly><AlertXMLAssigned>false</AlertXMLAssigned></ContextItem><ContextItem><Name>getUnitsData</Name><Description/><MinRange>0</MinRange><MaxRange>0</MaxRange><Value xsi:type="IlluminatorSQLQueryObject"><Timeout>60</Timeout><QueryParameters/><QueryTemplate>OEEM/MANAGEMENT/QUERIES/getUnitsTree2</QueryTemplate><QueryStartDate>2015-10-05T11:23:28</QueryStartDate><QueryEndDate>2015-10-05T11:23:28</QueryEndDate><SQLTransaction/><Results><ReferenceDocumentSource/>&lt;?xml version="1.0" encoding="UTF-8"?&gt;&lt;Rowsets CachedTime="" DateCreated="2016-09-28T17:40:43" EndDate="2016-09-28T17:40:43" StartDate="2016-09-28T16:40:43" Version="15.0 SP4 Patch 11 (Aug 28, 2015)"&gt;&lt;Rowset&gt;&lt;Columns&gt;&lt;Column Description="recordID" MaxRange="1" MinRange="0" Name="recordID" SQLDataType="-5" SourceColumn="recordID"/&gt;&lt;Column Description="unitType" MaxRange="1" MinRange="0" Name="unitType" SQLDataType="4" SourceColumn="unitType"/&gt;&lt;Column Description="unitName" MaxRange="1" MinRange="0" Name="unitName" SQLDataType="-9" SourceColumn="unitName"/&gt;&lt;Column Description="unitDescr" MaxRange="1" MinRange="0" Name="unitDescr" SQLDataType="-9" SourceColumn="unitDescr"/&gt;&lt;Column Description="idUnitParent" MaxRange="1" MinRange="0" Name="idUnitParent" SQLDataType="4" SourceColumn="idUnitParent"/&gt;&lt;Column Description="unitActive" MaxRange="1" MinRange="0" Name="unitActive" SQLDataType="4" SourceColumn="unitActive"/&gt;&lt;Column Description="src" MaxRange="1" MinRange="0" Name="src" SQLDataType="12" SourceColumn="src"/&gt;&lt;Column Description="unitSqlServer" MaxRange="1" MinRange="0" Name="unitSqlServer" SQLDataType="-9" SourceColumn="unitSqlServer"/&gt;&lt;Column Description="unitSAPID" MaxRange="1" MinRange="0" Name="unitSAPID" SQLDataType="-9" SourceColumn="unitSAPID"/&gt;&lt;Column Description="ModifiedBy" MaxRange="1" MinRange="0" Name="ModifiedBy" SQLDataType="-9" SourceColumn="ModifiedBy"/&gt;&lt;Column Description="ModifiedOn" MaxRange="1" MinRange="0" Name="ModifiedOn" SQLDataType="93" SourceColumn="ModifiedOn"/&gt;&lt;Column Description="CreatedBy" MaxRange="1" MinRange="0" Name="CreatedBy" SQLDataType="-9" SourceColumn="CreatedBy"/&gt;&lt;Column Description="CreatedOn" MaxRange="1" MinRange="0" Name="CreatedOn" SQLDataType="93" SourceColumn="CreatedOn"/&gt;&lt;Column Description="ReasonID" MaxRange="1" MinRange="0" Name="ReasonID" SQLDataType="-9" SourceColumn="ReasonID"/&gt;&lt;Column Description="Path" MaxRange="1" MinRange="0" Name="Path" SQLDataType="12" SourceColumn="Path"/&gt;&lt;Column Description="grpCount" MaxRange="1" MinRange="0" Name="grpCount" SQLDataType="4" SourceColumn="grpCount"/&gt;&lt;Column Description="Level" MaxRange="1" MinRange="0" Name="Level" SQLDataType="4" SourceColumn="Level"/&gt;&lt;Column Description="SortOrder" MaxRange="1" MinRange="0" Name="SortOrder" SQLDataType="2" SourceColumn="SortOrder"/&gt;&lt;Column Description="unitID" MaxRange="1" MinRange="0" Name="unitID" SQLDataType="4" SourceColumn="unitID"/&gt;&lt;Column Description="pcoAgentID" MaxRange="1" MinRange="0" Name="pcoAgentID" SQLDataType="4" SourceColumn="pcoAgentID"/&gt;&lt;Column Description="sqlServerID" MaxRange="1" MinRange="0" Name="sqlServerID" SQLDataType="4" SourceColumn="sqlServerID"/&gt;&lt;Column Description="revisionID" MaxRange="1" MinRange="0" Name="revisionID" SQLDataType="4" SourceColumn="revisionID"/&gt;&lt;Column Description="ModifiedBy" MaxRange="1" MinRange="0" Name="ModifiedBy" SQLDataType="-9" SourceColumn="ModifiedBy"/&gt;&lt;Column Description="ModifiedOn" MaxRange="1" MinRange="0" Name="ModifiedOn" SQLDataType="93" SourceColumn="ModifiedOn"/&gt;&lt;Column Description="CreatedBy" MaxRange="1" MinRange="0" Name="CreatedBy" SQLDataType="-9" SourceColumn="CreatedBy"/&gt;&lt;Column Description="CreatedOn" MaxRange="1" MinRange="0" Name="CreatedOn" SQLDataType="93" SourceColumn="CreatedOn"/&gt;&lt;Column Description="unitID" MaxRange="1" MinRange="0" Name="unitID" SQLDataType="4" SourceColumn="unitID"/&gt;&lt;Column Description="routeID" MaxRange="1" MinRange="0" Name="routeID" SQLDataType="4" SourceColumn="routeID"/&gt;&lt;Column Description="ModifiedBy" MaxRange="1" MinRange="0" Name="ModifiedBy" SQLDataType="-9" SourceColumn="ModifiedBy"/&gt;&lt;Column Description="ModifiedOn" MaxRange="1" MinRange="0" Name="ModifiedOn" SQLDataType="93" SourceColumn="ModifiedOn"/&gt;&lt;Column Description="CreatedBy" MaxRange="1" MinRange="0" Name="CreatedBy" SQLDataType="-9" SourceColumn="CreatedBy"/&gt;&lt;Column Description="CreatedOn" MaxRange="1" MinRange="0" Name="CreatedOn" SQLDataType="93" SourceColumn="CreatedOn"/&gt;&lt;Column Description="recordID" MaxRange="1" MinRange="0" Name="recordID" SQLDataType="-5" SourceColumn="recordID"/&gt;&lt;Column Description="routeName" MaxRange="1" MinRange="0" Name="routeName" SQLDataType="12" SourceColumn="routeName"/&gt;&lt;Column Description="routeSAPID" MaxRange="1" MinRange="0" Name="routeSAPID" SQLDataType="12" SourceColumn="routeSAPID"/&gt;&lt;Column Description="recordID" MaxRange="1" MinRange="0" Name="recordID" SQLDataType="-5" SourceColumn="recordID"/&gt;&lt;Column Description="serverName" MaxRange="1" MinRange="0" Name="serverName" SQLDataType="-9" SourceColumn="serverName"/&gt;&lt;Column Description="serverConnection" MaxRange="1" MinRange="0" Name="serverConnection" SQLDataType="-9" SourceColumn="serverConnection"/&gt;&lt;Column Description="serverActive" MaxRange="1" MinRange="0" Name="serverActive" SQLDataType="4" SourceColumn="serverActive"/&gt;&lt;Column Description="serverLastGoodResponse" MaxRange="1" MinRange="0" Name="serverLastGoodResponse" SQLDataType="93" SourceColumn="serverLastGoodResponse"/&gt;&lt;Column Description="serverLastBadResponse" MaxRange="1" MinRange="0" Name="serverLastBadResponse" SQLDataType="93" SourceColumn="serverLastBadResponse"/&gt;&lt;Column Description="serverLastRespMessage" MaxRange="1" MinRange="0" Name="serverLastRespMessage" SQLDataType="-9" SourceColumn="serverLastRespMessage"/&gt;&lt;Column Description="sortOrder" MaxRange="1" MinRange="0" Name="sortOrder" SQLDataType="-5" SourceColumn="sortOrder"/&gt;&lt;Column Description="ModifiedBy" MaxRange="1" MinRange="0" Name="ModifiedBy" SQLDataType="-9" SourceColumn="ModifiedBy"/&gt;&lt;Column Description="ModifiedOn" MaxRange="1" MinRange="0" Name="ModifiedOn" SQLDataType="93" SourceColumn="ModifiedOn"/&gt;&lt;Column Description="CreatedBy" MaxRange="1" MinRange="0" Name="CreatedBy" SQLDataType="-9" SourceColumn="CreatedBy"/&gt;&lt;Column Description="CreatedOn" MaxRange="1" MinRange="0" Name="CreatedOn" SQLDataType="93" SourceColumn="CreatedOn"/&gt;&lt;Column Description="childID" MaxRange="1" MinRange="0" Name="childID" SQLDataType="-5" SourceColumn="childID"/&gt;&lt;/Columns&gt;&lt;Row&gt;&lt;recordID&gt;36&lt;/recordID&gt;&lt;unitType&gt;3&lt;/unitType&gt;&lt;unitName&gt;OEEM&lt;/unitName&gt;&lt;unitDescr&gt;PLANT&lt;/unitDescr&gt;&lt;idUnitParent&gt;0&lt;/idUnitParent&gt;&lt;unitActive&gt;1&lt;/unitActive&gt;&lt;src&gt;Common/img/check.png&lt;/src&gt;&lt;unitSqlServer&gt;OEEM&lt;/unitSqlServer&gt;&lt;unitSAPID&gt;1003&lt;/unitSAPID&gt;&lt;ModifiedBy&gt;System&lt;/ModifiedBy&gt;&lt;ModifiedOn&gt;2016-09-15T10:51:10&lt;/ModifiedOn&gt;&lt;CreatedBy&gt;System&lt;/CreatedBy&gt;&lt;CreatedOn&gt;2016-09-15T10:51:10&lt;/CreatedOn&gt;&lt;ReasonID/&gt;&lt;Path&gt;1&lt;/Path&gt;&lt;grpCount&gt;0&lt;/grpCount&gt;&lt;Level&gt;1&lt;/Level&gt;&lt;SortOrder&gt;1&lt;/SortOrder&gt;&lt;unitID&gt;NA&lt;/unitID&gt;&lt;pcoAgentID&gt;NA&lt;/pcoAgentID&gt;&lt;sqlServerID&gt;NA&lt;/sqlServerID&gt;&lt;revisionID&gt;NA&lt;/revisionID&gt;&lt;ModifiedBy&gt;---&lt;/ModifiedBy&gt;&lt;ModifiedOn&gt;TimeUnavailable&lt;/ModifiedOn&gt;&lt;CreatedBy&gt;---&lt;/CreatedBy&gt;&lt;CreatedOn&gt;TimeUnavailable&lt;/CreatedOn&gt;&lt;unitID&gt;NA&lt;/unitID&gt;&lt;routeID&gt;NA&lt;/routeID&gt;&lt;ModifiedBy&gt;---&lt;/ModifiedBy&gt;&lt;ModifiedOn&gt;TimeUnavailable&lt;/ModifiedOn&gt;&lt;CreatedBy&gt;---&lt;/CreatedBy&gt;&lt;CreatedOn&gt;TimeUnavailable&lt;/CreatedOn&gt;&lt;recordID&gt;NA&lt;/recordID&gt;&lt;routeName&gt;---&lt;/routeName&gt;&lt;routeSAPID&gt;---&lt;/routeSAPID&gt;&lt;recordID&gt;NA&lt;/recordID&gt;&lt;serverName&gt;---&lt;/serverName&gt;&lt;serverConnection&gt;---&lt;/serverConnection&gt;&lt;serverActive&gt;NA&lt;/serverActive&gt;&lt;serverLastGoodResponse&gt;TimeUnavailable&lt;/serverLastGoodResponse&gt;&lt;serverLastBadResponse&gt;TimeUnavailable&lt;/serverLastBadResponse&gt;&lt;serverLastRespMessage&gt;---&lt;/serverLastRespMessage&gt;&lt;sortOrder&gt;NA&lt;/sortOrder&gt;&lt;ModifiedBy&gt;---&lt;/ModifiedBy&gt;&lt;ModifiedOn&gt;TimeUnavailable&lt;/ModifiedOn&gt;&lt;CreatedBy&gt;---&lt;/CreatedBy&gt;&lt;CreatedOn&gt;TimeUnavailable&lt;/CreatedOn&gt;&lt;childID&gt;0&lt;/childID&gt;&lt;/Row&gt;&lt;Row&gt;&lt;recordID&gt;40&lt;/recordID&gt;&lt;unitType&gt;4&lt;/unitType&gt;&lt;unitName&gt;DEPARTMENT 1&lt;/unitName&gt;&lt;unitDescr&gt;DEPARTMENT&lt;/unitDescr&gt;&lt;idUnitParent&gt;36&lt;/idUnitParent&gt;&lt;unitActive&gt;1&lt;/unitActive&gt;&lt;src&gt;Common/img/check.png&lt;/src&gt;&lt;unitSqlServer&gt;OEEM&lt;/unitSqlServer&gt;&lt;unitSAPID&gt;1003&lt;/unitSAPID&gt;&lt;ModifiedBy&gt;SeaWu&lt;/ModifiedBy&gt;&lt;ModifiedOn&gt;2016-09-15T11:28:45&lt;/ModifiedOn&gt;&lt;CreatedBy&gt;SeaWu&lt;/CreatedBy&gt;&lt;CreatedOn&gt;2016-09-15T11:21:57&lt;/CreatedOn&gt;&lt;ReasonID/&gt;&lt;Path&gt;1-1&lt;/Path&gt;&lt;grpCount&gt;1&lt;/grpCount&gt;&lt;Level&gt;2&lt;/Level&gt;&lt;SortOrder&gt;1.0001&lt;/SortOrder&gt;&lt;unitID&gt;NA&lt;/unitID&gt;&lt;pcoAgentID&gt;NA&lt;/pcoAgentID&gt;&lt;sqlServerID&gt;NA&lt;/sqlServerID&gt;&lt;revisionID&gt;NA&lt;/revisionID&gt;&lt;ModifiedBy&gt;---&lt;/ModifiedBy&gt;&lt;ModifiedOn&gt;TimeUnavailable&lt;/ModifiedOn&gt;&lt;CreatedBy&gt;---&lt;/CreatedBy&gt;&lt;CreatedOn&gt;TimeUnavailable&lt;/CreatedOn&gt;&lt;unitID&gt;40&lt;/unitID&gt;&lt;routeID&gt;0&lt;/routeID&gt;&lt;ModifiedBy&gt;SeaWu&lt;/ModifiedBy&gt;&lt;ModifiedOn&gt;2016-09-15T11:28:45&lt;/ModifiedOn&gt;&lt;CreatedBy&gt;SeaWu&lt;/CreatedBy&gt;&lt;CreatedOn&gt;2016-09-15T11:21:57&lt;/CreatedOn&gt;&lt;recordID&gt;NA&lt;/recordID&gt;&lt;routeName&gt;---&lt;/routeName&gt;&lt;routeSAPID&gt;---&lt;/routeSAPID&gt;&lt;recordID&gt;NA&lt;/recordID&gt;&lt;serverName&gt;---&lt;/serverName&gt;&lt;serverConnection&gt;---&lt;/serverConnection&gt;&lt;serverActive&gt;NA&lt;/serverActive&gt;&lt;serverLastGoodResponse&gt;TimeUnavailable&lt;/serverLastGoodResponse&gt;&lt;serverLastBadResponse&gt;TimeUnavailable&lt;/serverLastBadResponse&gt;&lt;serverLastRespMessage&gt;---&lt;/serverLastRespMessage&gt;&lt;sortOrder&gt;NA&lt;/sortOrder&gt;&lt;ModifiedBy&gt;---&lt;/ModifiedBy&gt;&lt;ModifiedOn&gt;TimeUnavailable&lt;/ModifiedOn&gt;&lt;CreatedBy&gt;---&lt;/CreatedBy&gt;&lt;CreatedOn&gt;TimeUnavailable&lt;/CreatedOn&gt;&lt;childID&gt;0&lt;/childID&gt;&lt;/Row&gt;&lt;Row&gt;&lt;recordID&gt;41&lt;/recordID&gt;&lt;unitType&gt;5&lt;/unitType&gt;&lt;unitName&gt;LINE 1&lt;/unitName&gt;&lt;unitDescr&gt;LINE&lt;/unitDescr&gt;&lt;idUnitParent&gt;40&lt;/idUnitParent&gt;&lt;unitActive&gt;1&lt;/unitActive&gt;&lt;src&gt;Common/img/check.png&lt;/src&gt;&lt;unitSqlServer&gt;OEEM&lt;/unitSqlServer&gt;&lt;unitSAPID&gt;1003&lt;/unitSAPID&gt;&lt;ModifiedBy&gt;SeaWu&lt;/ModifiedBy&gt;&lt;ModifiedOn&gt;2016-09-15T11:28:45&lt;/ModifiedOn&gt;&lt;CreatedBy&gt;SeaWu&lt;/CreatedBy&gt;&lt;CreatedOn&gt;2016-09-15T11:22:58&lt;/CreatedOn&gt;&lt;ReasonID/&gt;&lt;Path&gt;1-1-1&lt;/Path&gt;&lt;grpCount&gt;1&lt;/grpCount&gt;&lt;Level&gt;3&lt;/Level&gt;&lt;SortOrder&gt;1.000101&lt;/SortOrder&gt;&lt;unitID&gt;NA&lt;/unitID&gt;&lt;pcoAgentID&gt;NA&lt;/pcoAgentID&gt;&lt;sqlServerID&gt;NA&lt;/sqlServerID&gt;&lt;revisionID&gt;NA&lt;/revisionID&gt;&lt;ModifiedBy&gt;---&lt;/ModifiedBy&gt;&lt;ModifiedOn&gt;TimeUnavailable&lt;/ModifiedOn&gt;&lt;CreatedBy&gt;---&lt;/CreatedBy&gt;&lt;CreatedOn&gt;TimeUnavailable&lt;/CreatedOn&gt;&lt;unitID&gt;41&lt;/unitID&gt;&lt;routeID&gt;17&lt;/routeID&gt;&lt;ModifiedBy&gt;---&lt;/ModifiedBy&gt;&lt;ModifiedOn&gt;TimeUnavailable&lt;/ModifiedOn&gt;&lt;CreatedBy&gt;SeaWu&lt;/CreatedBy&gt;&lt;CreatedOn&gt;2016-09-15T11:22:58&lt;/CreatedOn&gt;&lt;recordID&gt;NA&lt;/recordID&gt;&lt;routeName&gt;---&lt;/routeName&gt;&lt;routeSAPID&gt;---&lt;/routeSAPID&gt;&lt;recordID&gt;NA&lt;/recordID&gt;&lt;serverName&gt;---&lt;/serverName&gt;&lt;serverConnection&gt;---&lt;/serverConnection&gt;&lt;serverActive&gt;NA&lt;/serverActive&gt;&lt;serverLastGoodResponse&gt;TimeUnavailable&lt;/serverLastGoodResponse&gt;&lt;serverLastBadResponse&gt;TimeUnavailable&lt;/serverLastBadResponse&gt;&lt;serverLastRespMessage&gt;---&lt;/serverLastRespMessage&gt;&lt;sortOrder&gt;NA&lt;/sortOrder&gt;&lt;ModifiedBy&gt;---&lt;/ModifiedBy&gt;&lt;ModifiedOn&gt;TimeUnavailable&lt;/ModifiedOn&gt;&lt;CreatedBy&gt;---&lt;/CreatedBy&gt;&lt;CreatedOn&gt;TimeUnavailable&lt;/CreatedOn&gt;&lt;childID&gt;0&lt;/childID&gt;&lt;/Row&gt;&lt;Row&gt;&lt;recordID&gt;44&lt;/recordID&gt;&lt;unitType&gt;6&lt;/unitType&gt;&lt;unitName&gt;WORKCENTER 1&lt;/unitName&gt;&lt;unitDescr&gt;WORKCENTER 1&lt;/unitDescr&gt;&lt;idUnitParent&gt;41&lt;/idUnitParent&gt;&lt;unitActive&gt;1&lt;/unitActive&gt;&lt;src&gt;Common/img/check.png&lt;/src&gt;&lt;unitSqlServer&gt;OEEM&lt;/unitSqlServer&gt;&lt;unitSAPID&gt;1003&lt;/unitSAPID&gt;&lt;ModifiedBy&gt;SeaWu&lt;/ModifiedBy&gt;&lt;ModifiedOn&gt;TimeUnavailable&lt;/ModifiedOn&gt;&lt;CreatedBy&gt;SeaWu&lt;/CreatedBy&gt;&lt;CreatedOn&gt;2016-09-15T11:26:05&lt;/CreatedOn&gt;&lt;ReasonID/&gt;&lt;Path&gt;1-1-1-1&lt;/Path&gt;&lt;grpCount&gt;1&lt;/grpCount&gt;&lt;Level&gt;4&lt;/Level&gt;&lt;SortOrder&gt;1.00010101&lt;/SortOrder&gt;&lt;unitID&gt;NA&lt;/unitID&gt;&lt;pcoAgentID&gt;NA&lt;/pcoAgentID&gt;&lt;sqlServerID&gt;NA&lt;/sqlServerID&gt;&lt;revisionID&gt;NA&lt;/revisionID&gt;&lt;ModifiedBy&gt;---&lt;/ModifiedBy&gt;&lt;ModifiedOn&gt;TimeUnavailable&lt;/ModifiedOn&gt;&lt;CreatedBy&gt;---&lt;/CreatedBy&gt;&lt;CreatedOn&gt;TimeUnavailable&lt;/CreatedOn&gt;&lt;unitID&gt;44&lt;/unitID&gt;&lt;routeID&gt;0&lt;/routeID&gt;&lt;ModifiedBy&gt;---&lt;/ModifiedBy&gt;&lt;ModifiedOn&gt;TimeUnavailable&lt;/ModifiedOn&gt;&lt;CreatedBy&gt;SeaWu&lt;/CreatedBy&gt;&lt;CreatedOn&gt;2016-09-15T11:26:05&lt;/CreatedOn&gt;&lt;recordID&gt;NA&lt;/recordID&gt;&lt;routeName&gt;---&lt;/routeName&gt;&lt;routeSAPID&gt;---&lt;/routeSAPID&gt;&lt;recordID&gt;NA&lt;/recordID&gt;&lt;serverName&gt;---&lt;/serverName&gt;&lt;serverConnection&gt;---&lt;/serverConnection&gt;&lt;serverActive&gt;NA&lt;/serverActive&gt;&lt;serverLastGoodResponse&gt;TimeUnavailable&lt;/serverLastGoodResponse&gt;&lt;serverLastBadResponse&gt;TimeUnavailable&lt;/serverLastBadResponse&gt;&lt;serverLastRespMessage&gt;---&lt;/serverLastRespMessage&gt;&lt;sortOrder&gt;NA&lt;/sortOrder&gt;&lt;ModifiedBy&gt;---&lt;/ModifiedBy&gt;&lt;ModifiedOn&gt;TimeUnavailable&lt;/ModifiedOn&gt;&lt;CreatedBy&gt;---&lt;/CreatedBy&gt;&lt;CreatedOn&gt;TimeUnavailable&lt;/CreatedOn&gt;&lt;childID&gt;0&lt;/childID&gt;&lt;/Row&gt;&lt;Row&gt;&lt;recordID&gt;45&lt;/recordID&gt;&lt;unitType&gt;7&lt;/unitType&gt;&lt;unitName&gt;EQUIPMENT 1&lt;/unitName&gt;&lt;unitDescr&gt;EQUIPMENT&lt;/unitDescr&gt;&lt;idUnitParent&gt;44&lt;/idUnitParent&gt;&lt;unitActive&gt;1&lt;/unitActive&gt;&lt;src&gt;Common/img/check.png&lt;/src&gt;&lt;unitSqlServer&gt;OEEM&lt;/unitSqlServer&gt;&lt;unitSAPID&gt;1003&lt;/unitSAPID&gt;&lt;ModifiedBy&gt;SeaWu&lt;/ModifiedBy&gt;&lt;ModifiedOn&gt;2016-09-15T11:31:51&lt;/ModifiedOn&gt;&lt;CreatedBy&gt;SeaWu&lt;/CreatedBy&gt;&lt;CreatedOn&gt;2016-09-15T11:27:56&lt;/CreatedOn&gt;&lt;ReasonID&gt;1&lt;/ReasonID&gt;&lt;Path&gt;1-1-1-1-1&lt;/Path&gt;&lt;grpCount&gt;1&lt;/grpCount&gt;&lt;Level&gt;5&lt;/Level&gt;&lt;SortOrder&gt;1.0001010101&lt;/SortOrder&gt;&lt;unitID&gt;NA&lt;/unitID&gt;&lt;pcoAgentID&gt;NA&lt;/pcoAgentID&gt;&lt;sqlServerID&gt;NA&lt;/sqlServerID&gt;&lt;revisionID&gt;NA&lt;/revisionID&gt;&lt;ModifiedBy&gt;---&lt;/ModifiedBy&gt;&lt;ModifiedOn&gt;TimeUnavailable&lt;/ModifiedOn&gt;&lt;CreatedBy&gt;---&lt;/CreatedBy&gt;&lt;CreatedOn&gt;TimeUnavailable&lt;/CreatedOn&gt;&lt;unitID&gt;45&lt;/unitID&gt;&lt;routeID&gt;0&lt;/routeID&gt;&lt;ModifiedBy&gt;SeaWu&lt;/ModifiedBy&gt;&lt;ModifiedOn&gt;2016-09-15T11:31:51&lt;/ModifiedOn&gt;&lt;CreatedBy&gt;SeaWu&lt;/CreatedBy&gt;&lt;CreatedOn&gt;2016-09-15T11:27:56&lt;/CreatedOn&gt;&lt;recordID&gt;NA&lt;/recordID&gt;&lt;routeName&gt;---&lt;/routeName&gt;&lt;routeSAPID&gt;---&lt;/routeSAPID&gt;&lt;recordID&gt;NA&lt;/recordID&gt;&lt;serverName&gt;---&lt;/serverName&gt;&lt;serverConnection&gt;---&lt;/serverConnection&gt;&lt;serverActive&gt;NA&lt;/serverActive&gt;&lt;serverLastGoodResponse&gt;TimeUnavailable&lt;/serverLastGoodResponse&gt;&lt;serverLastBadResponse&gt;TimeUnavailable&lt;/serverLastBadResponse&gt;&lt;serverLastRespMessage&gt;---&lt;/serverLastRespMessage&gt;&lt;sortOrder&gt;NA&lt;/sortOrder&gt;&lt;ModifiedBy&gt;---&lt;/ModifiedBy&gt;&lt;ModifiedOn&gt;TimeUnavailable&lt;/ModifiedOn&gt;&lt;CreatedBy&gt;---&lt;/CreatedBy&gt;&lt;CreatedOn&gt;TimeUnavailable&lt;/CreatedOn&gt;&lt;childID&gt;0&lt;/childID&gt;&lt;/Row&gt;&lt;Row&gt;&lt;recordID&gt;48&lt;/recordID&gt;&lt;unitType&gt;7&lt;/unitType&gt;&lt;unitName&gt;EQUIPMENT 2&lt;/unitName&gt;&lt;unitDescr&gt;EQUIPMENT&lt;/unitDescr&gt;&lt;idUnitParent&gt;44&lt;/idUnitParent&gt;&lt;unitActive&gt;1&lt;/unitActive&gt;&lt;src&gt;Common/img/check.png&lt;/src&gt;&lt;unitSqlServer&gt;OEEM&lt;/unitSqlServer&gt;&lt;unitSAPID&gt;1003&lt;/unitSAPID&gt;&lt;ModifiedBy&gt;SeaWu&lt;/ModifiedBy&gt;&lt;ModifiedOn&gt;2016-09-20T16:05:57&lt;/ModifiedOn&gt;&lt;CreatedBy&gt;SeaWu&lt;/CreatedBy&gt;&lt;CreatedOn&gt;2016-09-20T16:03:44&lt;/CreatedOn&gt;&lt;ReasonID&gt;1&lt;/ReasonID&gt;&lt;Path&gt;1-1-1-1-2&lt;/Path&gt;&lt;grpCount&gt;2&lt;/grpCount&gt;&lt;Level&gt;5&lt;/Level&gt;&lt;SortOrder&gt;1.0001010102&lt;/SortOrder&gt;&lt;unitID&gt;NA&lt;/unitID&gt;&lt;pcoAgentID&gt;NA&lt;/pcoAgentID&gt;&lt;sqlServerID&gt;NA&lt;/sqlServerID&gt;&lt;revisionID&gt;NA&lt;/revisionID&gt;&lt;ModifiedBy&gt;---&lt;/ModifiedBy&gt;&lt;ModifiedOn&gt;TimeUnavailable&lt;/ModifiedOn&gt;&lt;CreatedBy&gt;---&lt;/CreatedBy&gt;&lt;CreatedOn&gt;TimeUnavailable&lt;/CreatedOn&gt;&lt;unitID&gt;NA&lt;/unitID&gt;&lt;routeID&gt;NA&lt;/routeID&gt;&lt;ModifiedBy&gt;---&lt;/ModifiedBy&gt;&lt;ModifiedOn&gt;TimeUnavailable&lt;/ModifiedOn&gt;&lt;CreatedBy&gt;---&lt;/CreatedBy&gt;&lt;CreatedOn&gt;TimeUnavailable&lt;/CreatedOn&gt;&lt;recordID&gt;NA&lt;/recordID&gt;&lt;routeName&gt;---&lt;/routeName&gt;&lt;routeSAPID&gt;---&lt;/routeSAPID&gt;&lt;recordID&gt;NA&lt;/recordID&gt;&lt;serverName&gt;---&lt;/serverName&gt;&lt;serverConnection&gt;---&lt;/serverConnection&gt;&lt;serverActive&gt;NA&lt;/serverActive&gt;&lt;serverLastGoodResponse&gt;TimeUnavailable&lt;/serverLastGoodResponse&gt;&lt;serverLastBadResponse&gt;TimeUnavailable&lt;/serverLastBadResponse&gt;&lt;serverLastRespMessage&gt;---&lt;/serverLastRespMessage&gt;&lt;sortOrder&gt;NA&lt;/sortOrder&gt;&lt;ModifiedBy&gt;---&lt;/ModifiedBy&gt;&lt;ModifiedOn&gt;TimeUnavailable&lt;/ModifiedOn&gt;&lt;CreatedBy&gt;---&lt;/CreatedBy&gt;&lt;CreatedOn&gt;TimeUnavailable&lt;/CreatedOn&gt;&lt;childID&gt;1&lt;/childID&gt;&lt;/Row&gt;&lt;Row&gt;&lt;recordID&gt;46&lt;/recordID&gt;&lt;unitType&gt;5&lt;/unitType&gt;&lt;unitName&gt;LINE 1&lt;/unitName&gt;&lt;unitDescr&gt;LINE&lt;/unitDescr&gt;&lt;idUnitParent&gt;40&lt;/idUnitParent&gt;&lt;unitActive&gt;1&lt;/unitActive&gt;&lt;src&gt;Common/img/check.png&lt;/src&gt;&lt;unitSqlServer&gt;OEEM&lt;/unitSqlServer&gt;&lt;unitSAPID&gt;1003&lt;/unitSAPID&gt;&lt;ModifiedBy&gt;SeaWu&lt;/ModifiedBy&gt;&lt;ModifiedOn&gt;2016-09-20T16:05:57&lt;/ModifiedOn&gt;&lt;CreatedBy&gt;SeaWu&lt;/CreatedBy&gt;&lt;CreatedOn&gt;2016-09-20T16:03:44&lt;/CreatedOn&gt;&lt;ReasonID/&gt;&lt;Path&gt;1-1-2&lt;/Path&gt;&lt;grpCount&gt;2&lt;/grpCount&gt;&lt;Level&gt;3&lt;/Level&gt;&lt;SortOrder&gt;1.000102&lt;/SortOrder&gt;&lt;unitID&gt;NA&lt;/unitID&gt;&lt;pcoAgentID&gt;NA&lt;/pcoAgentID&gt;&lt;sqlServerID&gt;NA&lt;/sqlServerID&gt;&lt;revisionID&gt;NA&lt;/revisionID&gt;&lt;ModifiedBy&gt;---&lt;/ModifiedBy&gt;&lt;ModifiedOn&gt;TimeUnavailable&lt;/ModifiedOn&gt;&lt;CreatedBy&gt;---&lt;/CreatedBy&gt;&lt;CreatedOn&gt;TimeUnavailable&lt;/CreatedOn&gt;&lt;unitID&gt;NA&lt;/unitID&gt;&lt;routeID&gt;NA&lt;/routeID&gt;&lt;ModifiedBy&gt;---&lt;/ModifiedBy&gt;&lt;ModifiedOn&gt;TimeUnavailable&lt;/ModifiedOn&gt;&lt;CreatedBy&gt;---&lt;/CreatedBy&gt;&lt;CreatedOn&gt;TimeUnavailable&lt;/CreatedOn&gt;&lt;recordID&gt;NA&lt;/recordID&gt;&lt;routeName&gt;---&lt;/routeName&gt;&lt;routeSAPID&gt;---&lt;/routeSAPID&gt;&lt;recordID&gt;NA&lt;/recordID&gt;&lt;serverName&gt;---&lt;/serverName&gt;&lt;serverConnection&gt;---&lt;/serverConnection&gt;&lt;serverActive&gt;NA&lt;/serverActive&gt;&lt;serverLastGoodResponse&gt;TimeUnavailable&lt;/serverLastGoodResponse&gt;&lt;serverLastBadResponse&gt;TimeUnavailable&lt;/serverLastBadResponse&gt;&lt;serverLastRespMessage&gt;---&lt;/serverLastRespMessage&gt;&lt;sortOrder&gt;NA&lt;/sortOrder&gt;&lt;ModifiedBy&gt;---&lt;/ModifiedBy&gt;&lt;ModifiedOn&gt;TimeUnavailable&lt;/ModifiedOn&gt;&lt;CreatedBy&gt;---&lt;/CreatedBy&gt;&lt;CreatedOn&gt;TimeUnavailable&lt;/CreatedOn&gt;&lt;childID&gt;1&lt;/childID&gt;&lt;/Row&gt;&lt;Row&gt;&lt;recordID&gt;43&lt;/recordID&gt;&lt;unitType&gt;5&lt;/unitType&gt;&lt;unitName&gt;LINE 2&lt;/unitName&gt;&lt;unitDescr&gt;LINE&lt;/unitDescr&gt;&lt;idUnitParent&gt;40&lt;/idUnitParent&gt;&lt;unitActive&gt;1&lt;/unitActive&gt;&lt;src&gt;Common/img/check.png&lt;/src&gt;&lt;unitSqlServer&gt;OEEM&lt;/unitSqlServer&gt;&lt;unitSAPID&gt;1003&lt;/unitSAPID&gt;&lt;ModifiedBy&gt;SeaWu&lt;/ModifiedBy&gt;&lt;ModifiedOn&gt;2016-09-15T11:29:31&lt;/ModifiedOn&gt;&lt;CreatedBy&gt;SeaWu&lt;/CreatedBy&gt;&lt;CreatedOn&gt;2016-09-15T11:25:18&lt;/CreatedOn&gt;&lt;ReasonID/&gt;&lt;Path&gt;1-1-3&lt;/Path&gt;&lt;grpCount&gt;3&lt;/grpCount&gt;&lt;Level&gt;3&lt;/Level&gt;&lt;SortOrder&gt;1.000103&lt;/SortOrder&gt;&lt;unitID&gt;NA&lt;/unitID&gt;&lt;pcoAgentID&gt;NA&lt;/pcoAgentID&gt;&lt;sqlServerID&gt;NA&lt;/sqlServerID&gt;&lt;revisionID&gt;NA&lt;/revisionID&gt;&lt;ModifiedBy&gt;---&lt;/ModifiedBy&gt;&lt;ModifiedOn&gt;TimeUnavailable&lt;/ModifiedOn&gt;&lt;CreatedBy&gt;---&lt;/CreatedBy&gt;&lt;CreatedOn&gt;TimeUnavailable&lt;/CreatedOn&gt;&lt;unitID&gt;43&lt;/unitID&gt;&lt;routeID&gt;16&lt;/routeID&gt;&lt;ModifiedBy&gt;SeaWu&lt;/ModifiedBy&gt;&lt;ModifiedOn&gt;2016-09-15T11:29:31&lt;/ModifiedOn&gt;&lt;CreatedBy&gt;SeaWu&lt;/CreatedBy&gt;&lt;CreatedOn&gt;2016-09-15T11:25:18&lt;/CreatedOn&gt;&lt;recordID&gt;NA&lt;/recordID&gt;&lt;routeName&gt;---&lt;/routeName&gt;&lt;routeSAPID&gt;---&lt;/routeSAPID&gt;&lt;recordID&gt;NA&lt;/recordID&gt;&lt;serverName&gt;---&lt;/serverName&gt;&lt;serverConnection&gt;---&lt;/serverConnection&gt;&lt;serverActive&gt;NA&lt;/serverActive&gt;&lt;serverLastGoodResponse&gt;TimeUnavailable&lt;/serverLastGoodResponse&gt;&lt;serverLastBadResponse&gt;TimeUnavailable&lt;/serverLastBadResponse&gt;&lt;serverLastRespMessage&gt;---&lt;/serverLastRespMessage&gt;&lt;sortOrder&gt;NA&lt;/sortOrder&gt;&lt;ModifiedBy&gt;---&lt;/ModifiedBy&gt;&lt;ModifiedOn&gt;TimeUnavailable&lt;/ModifiedOn&gt;&lt;CreatedBy&gt;---&lt;/CreatedBy&gt;&lt;CreatedOn&gt;TimeUnavailable&lt;/CreatedOn&gt;&lt;childID&gt;2&lt;/childID&gt;&lt;/Row&gt;&lt;Row&gt;&lt;recordID&gt;42&lt;/recordID&gt;&lt;unitType&gt;5&lt;/unitType&gt;&lt;unitName&gt;LINE 3&lt;/unitName&gt;&lt;unitDescr&gt;LINE&lt;/unitDescr&gt;&lt;idUnitParent&gt;40&lt;/idUnitParent&gt;&lt;unitActive&gt;1&lt;/unitActive&gt;&lt;src&gt;Common/img/check.png&lt;/src&gt;&lt;unitSqlServer&gt;OEEM&lt;/unitSqlServer&gt;&lt;unitSAPID&gt;1003&lt;/unitSAPID&gt;&lt;ModifiedBy&gt;SeaWu&lt;/ModifiedBy&gt;&lt;ModifiedOn&gt;2016-09-15T11:29:42&lt;/ModifiedOn&gt;&lt;CreatedBy&gt;SeaWu&lt;/CreatedBy&gt;&lt;CreatedOn&gt;2016-09-15T11:24:32&lt;/CreatedOn&gt;&lt;ReasonID/&gt;&lt;Path&gt;1-1-4&lt;/Path&gt;&lt;grpCount&gt;4&lt;/grpCount&gt;&lt;Level&gt;3&lt;/Level&gt;&lt;SortOrder&gt;1.000104&lt;/SortOrder&gt;&lt;unitID&gt;NA&lt;/unitID&gt;&lt;pcoAgentID&gt;NA&lt;/pcoAgentID&gt;&lt;sqlServerID&gt;NA&lt;/sqlServerID&gt;&lt;revisionID&gt;NA&lt;/revisionID&gt;&lt;ModifiedBy&gt;---&lt;/ModifiedBy&gt;&lt;ModifiedOn&gt;TimeUnavailable&lt;/ModifiedOn&gt;&lt;CreatedBy&gt;---&lt;/CreatedBy&gt;&lt;CreatedOn&gt;TimeUnavailable&lt;/CreatedOn&gt;&lt;unitID&gt;42&lt;/unitID&gt;&lt;routeID&gt;2&lt;/routeID&gt;&lt;ModifiedBy&gt;SeaWu&lt;/ModifiedBy&gt;&lt;ModifiedOn&gt;2016-09-15T11:29:42&lt;/ModifiedOn&gt;&lt;CreatedBy&gt;SeaWu&lt;/CreatedBy&gt;&lt;CreatedOn&gt;2016-09-15T11:24:32&lt;/CreatedOn&gt;&lt;recordID&gt;NA&lt;/recordID&gt;&lt;routeName&gt;---&lt;/routeName&gt;&lt;routeSAPID&gt;---&lt;/routeSAPID&gt;&lt;recordID&gt;NA&lt;/recordID&gt;&lt;serverName&gt;---&lt;/serverName&gt;&lt;serverConnection&gt;---&lt;/serverConnection&gt;&lt;serverActive&gt;NA&lt;/serverActive&gt;&lt;serverLastGoodResponse&gt;TimeUnavailable&lt;/serverLastGoodResponse&gt;&lt;serverLastBadResponse&gt;TimeUnavailable&lt;/serverLastBadResponse&gt;&lt;serverLastRespMessage&gt;---&lt;/serverLastRespMessage&gt;&lt;sortOrder&gt;NA&lt;/sortOrder&gt;&lt;ModifiedBy&gt;---&lt;/ModifiedBy&gt;&lt;ModifiedOn&gt;TimeUnavailable&lt;/ModifiedOn&gt;&lt;CreatedBy&gt;---&lt;/CreatedBy&gt;&lt;CreatedOn&gt;TimeUnavailable&lt;/CreatedOn&gt;&lt;childID&gt;3&lt;/childID&gt;&lt;/Row&gt;&lt;/Rowset&gt;&lt;/Rowsets&gt;</Results><TagList/></Value><SchemaURI/><SchemaElement/><ValidateXMLOnExecution>1</ValidateXMLOnExecution><ReadOnly>false</ReadOnly><AlertXMLAssigned>false</AlertXMLAssigned></ContextItem><ContextItem><Name>RepeatOnRow</Name><Description/><MinRange>0</MinRange><MaxRange>0</MaxRange><Value xsi:type="RepeaterAction"><Output><ReferenceDocumentSource/>&lt;?xml version="1.0" encoding="UTF-8"?&gt;&lt;Row&gt;&lt;recordID&gt;1&lt;/recordID&gt;&lt;unitType&gt;3&lt;/unitType&gt;&lt;unitName&gt;FORT WAYNE&lt;/unitName&gt;&lt;unitDescr&gt;FORT WAYNE PLANT&lt;/unitDescr&gt;&lt;idUnitParent&gt;0&lt;/idUnitParent&gt;&lt;unitActive&gt;1&lt;/unitActive&gt;&lt;src&gt;Common/img/check.png&lt;/src&gt;&lt;unitSqlServer&gt;MESM&lt;/unitSqlServer&gt;&lt;unitSAPID&gt;1002&lt;/unitSAPID&gt;&lt;ModifiedBy&gt;System&lt;/ModifiedBy&gt;&lt;ModifiedOn&gt;2016-05-24T17:26:24&lt;/ModifiedOn&gt;&lt;CreatedBy&gt;System&lt;/CreatedBy&gt;&lt;CreatedOn&gt;2016-05-24T17:26:24&lt;/CreatedOn&gt;&lt;Path&gt;1&lt;/Path&gt;&lt;grpCount&gt;0&lt;/grpCount&gt;&lt;Level&gt;1&lt;/Level&gt;&lt;SortOrder&gt;1&lt;/SortOrder&gt;&lt;unitID&gt;NA&lt;/unitID&gt;&lt;pcoAgentID&gt;NA&lt;/pcoAgentID&gt;&lt;sqlServerID&gt;NA&lt;/sqlServerID&gt;&lt;revisionID&gt;NA&lt;/revisionID&gt;&lt;ModifiedBy&gt;---&lt;/ModifiedBy&gt;&lt;ModifiedOn&gt;TimeUnavailable&lt;/ModifiedOn&gt;&lt;CreatedBy&gt;---&lt;/CreatedBy&gt;&lt;CreatedOn&gt;TimeUnavailable&lt;/CreatedOn&gt;&lt;recordID&gt;3&lt;/recordID&gt;&lt;typeName&gt;PLANT&lt;/typeName&gt;&lt;typeDescription&gt;PLANT LEVEL&lt;/typeDescription&gt;&lt;typeActive&gt;1&lt;/typeActive&gt;&lt;sortOrder&gt;3&lt;/sortOrder&gt;&lt;idUnitParent&gt;2&lt;/idUnitParent&gt;&lt;ModifiedBy&gt;catalin&lt;/ModifiedBy&gt;&lt;ModifiedOn&gt;2016-05-11T11:50:47&lt;/ModifiedOn&gt;&lt;CreatedBy&gt;RadPa&lt;/CreatedBy&gt;&lt;CreatedOn&gt;2016-05-10T11:28:32&lt;/CreatedOn&gt;&lt;unitID&gt;NA&lt;/unitID&gt;&lt;routeID&gt;NA&lt;/routeID&gt;&lt;ModifiedBy&gt;---&lt;/ModifiedBy&gt;&lt;ModifiedOn&gt;TimeUnavailable&lt;/ModifiedOn&gt;&lt;CreatedBy&gt;---&lt;/CreatedBy&gt;&lt;CreatedOn&gt;TimeUnavailable&lt;/CreatedOn&gt;&lt;recordID&gt;NA&lt;/recordID&gt;&lt;routeName&gt;---&lt;/routeName&gt;&lt;routeSAPID&gt;---&lt;/routeSAPID&gt;&lt;recordID&gt;NA&lt;/recordID&gt;&lt;serverName&gt;---&lt;/serverName&gt;&lt;serverConnection&gt;---&lt;/serverConnection&gt;&lt;serverActive&gt;NA&lt;/serverActive&gt;&lt;serverLastGoodResponse&gt;TimeUnavailable&lt;/serverLastGoodResponse&gt;&lt;serverLastBadResponse&gt;TimeUnavailable&lt;/serverLastBadResponse&gt;&lt;serverLastRespMessage&gt;---&lt;/serverLastRespMessage&gt;&lt;sortOrder&gt;NA&lt;/sortOrder&gt;&lt;ModifiedBy&gt;---&lt;/ModifiedBy&gt;&lt;ModifiedOn&gt;TimeUnavailable&lt;/ModifiedOn&gt;&lt;CreatedBy&gt;---&lt;/CreatedBy&gt;&lt;CreatedOn&gt;TimeUnavailable&lt;/CreatedOn&gt;&lt;childID&gt;0&lt;/childID&gt;&lt;/Row&gt;</Output><Break>false</Break><ItemCount>0</ItemCount><CurrentItem>0</CurrentItem><Source>getUnitsData.Results{/Rowsets/Rowset/Row}</Source><Item><ReferenceDocumentSource/>&lt;?xml version="1.0" encoding="UTF-8"?&gt;&lt;Row&gt;&lt;recordID&gt;1&lt;/recordID&gt;&lt;unitType&gt;3&lt;/unitType&gt;&lt;unitName&gt;FORT WAYNE&lt;/unitName&gt;&lt;unitDescr&gt;FORT WAYNE PLANT&lt;/unitDescr&gt;&lt;idUnitParent&gt;0&lt;/idUnitParent&gt;&lt;unitActive&gt;1&lt;/unitActive&gt;&lt;src&gt;Common/img/check.png&lt;/src&gt;&lt;unitSqlServer&gt;MESM&lt;/unitSqlServer&gt;&lt;unitSAPID&gt;1002&lt;/unitSAPID&gt;&lt;ModifiedBy&gt;System&lt;/ModifiedBy&gt;&lt;ModifiedOn&gt;2016-05-24T17:26:24&lt;/ModifiedOn&gt;&lt;CreatedBy&gt;System&lt;/CreatedBy&gt;&lt;CreatedOn&gt;2016-05-24T17:26:24&lt;/CreatedOn&gt;&lt;Path&gt;1&lt;/Path&gt;&lt;grpCount&gt;0&lt;/grpCount&gt;&lt;Level&gt;1&lt;/Level&gt;&lt;SortOrder&gt;1&lt;/SortOrder&gt;&lt;unitID&gt;NA&lt;/unitID&gt;&lt;pcoAgentID&gt;NA&lt;/pcoAgentID&gt;&lt;sqlServerID&gt;NA&lt;/sqlServerID&gt;&lt;revisionID&gt;NA&lt;/revisionID&gt;&lt;ModifiedBy&gt;---&lt;/ModifiedBy&gt;&lt;ModifiedOn&gt;TimeUnavailable&lt;/ModifiedOn&gt;&lt;CreatedBy&gt;---&lt;/CreatedBy&gt;&lt;CreatedOn&gt;TimeUnavailable&lt;/CreatedOn&gt;&lt;recordID&gt;3&lt;/recordID&gt;&lt;typeName&gt;PLANT&lt;/typeName&gt;&lt;typeDescription&gt;PLANT LEVEL&lt;/typeDescription&gt;&lt;typeActive&gt;1&lt;/typeActive&gt;&lt;sortOrder&gt;3&lt;/sortOrder&gt;&lt;idUnitParent&gt;2&lt;/idUnitParent&gt;&lt;ModifiedBy&gt;catalin&lt;/ModifiedBy&gt;&lt;ModifiedOn&gt;2016-05-11T11:50:47&lt;/ModifiedOn&gt;&lt;CreatedBy&gt;RadPa&lt;/CreatedBy&gt;&lt;CreatedOn&gt;2016-05-10T11:28:32&lt;/CreatedOn&gt;&lt;unitID&gt;NA&lt;/unitID&gt;&lt;routeID&gt;NA&lt;/routeID&gt;&lt;ModifiedBy&gt;---&lt;/ModifiedBy&gt;&lt;ModifiedOn&gt;TimeUnavailable&lt;/ModifiedOn&gt;&lt;CreatedBy&gt;---&lt;/CreatedBy&gt;&lt;CreatedOn&gt;TimeUnavailable&lt;/CreatedOn&gt;&lt;recordID&gt;NA&lt;/recordID&gt;&lt;routeName&gt;---&lt;/routeName&gt;&lt;routeSAPID&gt;---&lt;/routeSAPID&gt;&lt;recordID&gt;NA&lt;/recordID&gt;&lt;serverName&gt;---&lt;/serverName&gt;&lt;serverConnection&gt;---&lt;/serverConnection&gt;&lt;serverActive&gt;NA&lt;/serverActive&gt;&lt;serverLastGoodResponse&gt;TimeUnavailable&lt;/serverLastGoodResponse&gt;&lt;serverLastBadResponse&gt;TimeUnavailable&lt;/serverLastBadResponse&gt;&lt;serverLastRespMessage&gt;---&lt;/serverLastRespMessage&gt;&lt;sortOrder&gt;NA&lt;/sortOrder&gt;&lt;ModifiedBy&gt;---&lt;/ModifiedBy&gt;&lt;ModifiedOn&gt;TimeUnavailable&lt;/ModifiedOn&gt;&lt;CreatedBy&gt;---&lt;/CreatedBy&gt;&lt;CreatedOn&gt;TimeUnavailable&lt;/CreatedOn&gt;&lt;childID&gt;0&lt;/childID&gt;&lt;/Row&gt;</Item></Value><SchemaURI/><SchemaElement/><ValidateXMLOnExecution>1</ValidateXMLOnExecution><SchemaURI/><SchemaElement/><ValidateXMLOnExecution>1</ValidateXMLOnExecution><ReadOnly>false</ReadOnly><AlertXMLAssigned>false</AlertXMLAssigned></ContextItem><ContextItem><Name>ShowHCOutput</Name><Description/><MinRange>0</MinRange><MaxRange>0</MaxRange><Value xsi:type="Tracer"><Message/><Level>INFO</Level></Value><ReadOnly>false</ReadOnly><AlertXMLAssigned>false</AlertXMLAssigned></ContextItem><ContextItem><Name>Assign_HC_OUT</Name><Description/><MinRange>0</MinRange><MaxRange>0</MaxRange><Value xsi:type="Assignment"/><ReadOnly>false</ReadOnly><AlertXMLAssigned>false</AlertXMLAssigned></ContextItem></Actions><ReaderRoles>SAP_XMII_Administrator,SAP_XMII_Developer,SAP_XMII_Super_Administrator,SAP_XMII_User</ReaderRoles><Steps><Step xsi:type="ActionSequence"><Name>Sequence_4</Name><Description/><Steps><Step xsi:type="Repeater"><Name>Sequence_1</Name><Description/><Steps><Step xsi:type="Conditional"><Name>Sequence_6</Name><Description/><Steps><Step xsi:type="ActionSequence"><Name>Sequence_24</Name><Description/><Steps><Step xsi:type="Conditional"><Name>Sequence_21</Name><Description/><Steps><Step xsi:type="ActionSequence"><Name>Sequence_22</Name><Description/><Steps/><Actions><Action><Name>CloseBracket</Name><Description> </Description><IncomingLinks/><OutgoingLinks><Assign xsi:type="Assign"><Name/><Description/><To>Local.content</To><From>Local.content &amp; " }"</From></Assign></OutgoingLinks></Action></Actions></Step></Steps><Actions><Action><Name>OneRecOnly</Name><Description> </Description><IncomingLinks><Assign xsi:type="Assign"><Name/><Description/><To>OneRecOnly.Input1</To><From>if(RepeatOnRow.CurrentItem==RepeatOnRow.ItemCount,1,0)</From></Assign></IncomingLinks><OutgoingLinks/></Action></Actions></Step></Steps><Actions><Action><Name>AssignFirst</Name><Description> </Description><IncomingLinks/><OutgoingLinks><Assign xsi:type="Assign"><Name/><Description/><To>Local.Level</To><From>RepeatOnRow.Output{/Row/Level}</From></Assign><Assign xsi:type="Assign"><Name/><Description/><To>Local.TempLevel</To><From>RepeatOnRow.Output{/Row/Level}</From></Assign><Assign xsi:type="Assign"><Name/><Description/><To>Local.content</To><From>Local.content &amp; ",
" &amp; RepeatOnRow.Output{/Row/childID} &amp; ": { " &amp; 
 "unitType" &amp; " : " &amp; doublequote &amp; RepeatOnRow.Output{/Row/unitType} &amp; doublequote &amp; ", " &amp; 
 "unitSqlServer" &amp; " : " &amp; doublequote &amp; RepeatOnRow.Output{/Row/unitSqlServer} &amp; doublequote &amp; ", " &amp; 
 "unitName" &amp; " : " &amp; doublequote &amp;  RepeatOnRow.Output{/Row/unitName} &amp; doublequote &amp; ", " &amp; 
 "unitDescr" &amp; " : " &amp; doublequote &amp; RepeatOnRow.Output{/Row/unitDescr} &amp; doublequote &amp; ", " &amp; 
 "unitSAPID" &amp; " : " &amp; doublequote &amp; RepeatOnRow.Output{/Row/unitSAPID} &amp; doublequote &amp; ", " &amp; 
 "unitActive" &amp; " : " &amp; doublequote &amp; RepeatOnRow.Output{/Row/unitActive} &amp; doublequote &amp; ", " &amp; 
 "src" &amp; " : " &amp; doublequote &amp; RepeatOnRow.Output{/Row/src} &amp; doublequote &amp; ", " &amp; 
  "ReasonID" &amp; " : " &amp; doublequote &amp; RepeatOnRow.Output{/Row/ReasonID} &amp; doublequote &amp; ", " &amp; 
 "idUnitParent" &amp; " : " &amp; doublequote &amp; RepeatOnRow.Output{/Row/idUnitParent} &amp; doublequote &amp; ", " &amp; 
 "recordID" &amp; " : " &amp; doublequote &amp; RepeatOnRow.Output{/Row/recordID} &amp; doublequote &amp; ", " &amp; 
 "revisionID" &amp; " : " &amp; doublequote &amp; RepeatOnRow.Output{/Row/revisionID} &amp; doublequote &amp; ", " &amp; 
 "pcoAgentID" &amp; " : " &amp; doublequote &amp; RepeatOnRow.Output{/Row/pcoAgentID} &amp; doublequote &amp; ", " &amp; 
 "typeName" &amp; " : " &amp; doublequote &amp; RepeatOnRow.Output{/Row/typeName} &amp; doublequote &amp; ", " &amp; 
 "routeID" &amp; " : " &amp; doublequote &amp; RepeatOnRow.Output{/Row/routeID} &amp; doublequote &amp; ", " &amp; 
 "sqlServerID" &amp; " : " &amp; doublequote &amp; RepeatOnRow.Output{/Row/sqlServerID} &amp; doublequote &amp; ", " &amp; 
 "serverName" &amp; " : " &amp; doublequote &amp; RepeatOnRow.Output{/Row/serverName} &amp; doublequote &amp; ", " &amp; 
 "idLevel" &amp; " : " &amp; doublequote &amp; RepeatOnRow.Output{/Row/Level} &amp; doublequote &amp; " "</From></Assign></OutgoingLinks></Action></Actions></Step><Step xsi:type="ActionSequence"><Name>Sequence_16</Name><Description/><Steps><Step xsi:type="ActionSequence"><Name>Sequence_7</Name><Description/><Steps><Step xsi:type="Conditional"><Name>Sequence_5</Name><Description/><Steps><Step xsi:type="ActionSequence"><Name>Sequence_8</Name><Description/><Steps/><Actions><Action><Name>Add_Mid_0</Name><Description> </Description><IncomingLinks/><OutgoingLinks><Assign xsi:type="Assign"><Name/><Description/><To>Local.content</To><From>Local.content &amp; ",
" &amp; Local.Item</From></Assign><Assign xsi:type="Assign"><Name/><Description/><To>Local.Level</To><From>Local.TempLevel</From></Assign></OutgoingLinks></Action></Actions></Step><Step xsi:type="Conditional"><Name>Sequence_10</Name><Description/><Steps><Step xsi:type="ActionSequence"><Name>Sequence_11</Name><Description/><Steps/><Actions><Action><Name>Add_Mid_1</Name><Description> </Description><IncomingLinks/><OutgoingLinks><Assign xsi:type="Assign"><Name/><Description/><To>Local.content</To><From>Local.content &amp; "}, 
" &amp; Local.Item</From></Assign><Assign xsi:type="Assign"><Name/><Description/><To>Local.Level</To><From>Local.TempLevel</From></Assign></OutgoingLinks></Action></Actions></Step><Step xsi:type="ActionSequence"><Name>Sequence_12</Name><Description/><Steps><Step xsi:type="ActionSequence"><Name>Sequence_13</Name><Description/><Steps><Step xsi:type="ForNextRepeater"><Name>Sequence_17</Name><Description/><Steps><Step xsi:type="ActionSequence"><Name>Sequence_18</Name><Description/><Steps/><Actions><Action><Name>Assign_Brackets</Name><Description> </Description><IncomingLinks/><OutgoingLinks><Assign xsi:type="Assign"><Name/><Description/><To>Local.BracketsStr</To><From>Local.BracketsStr &amp; " }"</From></Assign></OutgoingLinks></Action></Actions></Step><Step xsi:type="ActionSequence"><Name>Sequence_19</Name><Description/><Steps/><Actions><Action><Name>Assign_Comma</Name><Description> </Description><IncomingLinks/><OutgoingLinks><Assign xsi:type="Assign"><Name/><Description/><To>Local.BracketsStr</To><From>Local.BracketsStr &amp; ",
"</From></Assign></OutgoingLinks></Action></Actions></Step></Steps><Actions><Action><Name>For_Next_Loop_0</Name><Description> </Description><IncomingLinks><Assign xsi:type="Assign"><Name/><Description/><To>For_Next_Loop_0.From</To><From>0</From></Assign><Assign xsi:type="Assign"><Name/><Description/><To>For_Next_Loop_0.To</To><From>Local.DeltaLevel</From></Assign><Assign xsi:type="Assign"><Name/><Description/><To>For_Next_Loop_0.Step</To><From>1</From></Assign></IncomingLinks><OutgoingLinks/></Action></Actions></Step><Step xsi:type="ActionSequence"><Name>Sequence_15</Name><Description/><Steps/><Actions><Action><Name>Add_Mid_2</Name><Description> </Description><IncomingLinks/><OutgoingLinks><Assign xsi:type="Assign"><Name/><Description/><To>Local.content</To><From>Local.content &amp; Local.BracketsStr &amp; Local.Item</From></Assign><Assign xsi:type="Assign"><Name/><Description/><To>Local.Level</To><From>Local.TempLevel</From></Assign></OutgoingLinks></Action></Actions></Step></Steps><Actions><Action><Name>Assign_DeltaLevel</Name><Description> </Description><IncomingLinks/><OutgoingLinks><Assign xsi:type="Assign"><Name/><Description/><To>Local.DeltaLevel</To><From>Local.Level - Local.TempLevel</From></Assign></OutgoingLinks></Action></Actions></Step></Steps><Actions><Action><Name>ResetBrackets</Name><Description> </Description><IncomingLinks/><OutgoingLinks><Assign xsi:type="Assign"><Name/><Description/><To>Local.BracketsStr</To><From>""</From></Assign></OutgoingLinks></Action></Actions></Step></Steps><Actions><Action><Name>TMP_EQ_LVL</Name><Description> </Description><IncomingLinks><Assign xsi:type="Assign"><Name/><Description/><To>TMP_EQ_LVL.Input1</To><From>Local.TempLevel == Local.Level</From></Assign></IncomingLinks><OutgoingLinks/></Action></Actions></Step></Steps><Actions><Action><Name>TMP_GT_LVL</Name><Description> </Description><IncomingLinks><Assign xsi:type="Assign"><Name/><Description/><To>TMP_GT_LVL.Input1</To><From>Local.TempLevel &gt; Local.Level</From></Assign></IncomingLinks><OutgoingLinks/></Action></Actions></Step></Steps><Actions><Action><Name>Assign_Item</Name><Description> </Description><IncomingLinks/><OutgoingLinks><Assign xsi:type="Assign"><Name/><Description/><To>Local.Item</To><From>"" &amp; RepeatOnRow.Output{/Row/childID} &amp; ": { " &amp; 
 "unitType" &amp; " : " &amp; "\"" &amp; RepeatOnRow.Output{/Row/unitType} &amp; "\"" &amp; ", " &amp; 
 "unitSqlServer" &amp; " : " &amp; "\"" &amp; RepeatOnRow.Output{/Row/unitSqlServer} &amp; "\"" &amp; ", " &amp; 
 "unitName" &amp; " : " &amp; "\"" &amp;  RepeatOnRow.Output{/Row/unitName} &amp; "\"" &amp; ", " &amp; 
 "unitDescr" &amp; " : " &amp; "\"" &amp; RepeatOnRow.Output{/Row/unitDescr} &amp; "\"" &amp; ", " &amp; 
 "unitSAPID" &amp; " : " &amp; "\"" &amp; RepeatOnRow.Output{/Row/unitSAPID} &amp; "\"" &amp; ", " &amp; 
 "unitActive" &amp; " : " &amp; "\"" &amp; RepeatOnRow.Output{/Row/unitActive} &amp; "\"" &amp; ", " &amp; 
 "src" &amp; " : " &amp; "\"" &amp; RepeatOnRow.Output{/Row/src} &amp; "\"" &amp; ", " &amp; 
 "ReasonID" &amp; " : " &amp; "\"" &amp; RepeatOnRow.Output{/Row/ReasonID} &amp; "\"" &amp; ", " &amp; 
 "idUnitParent" &amp; " : " &amp; "\"" &amp; RepeatOnRow.Output{/Row/idUnitParent} &amp; "\"" &amp; ", " &amp; 
 "recordID" &amp; " : " &amp; "\"" &amp; RepeatOnRow.Output{/Row/recordID} &amp; "\"" &amp; ", " &amp; 
 "revisionID" &amp; " : " &amp; "\"" &amp; RepeatOnRow.Output{/Row/revisionID} &amp; "\"" &amp; ", " &amp; 
 "pcoAgentID" &amp; " : " &amp; "\"" &amp; RepeatOnRow.Output{/Row/pcoAgentID} &amp; "\"" &amp; ", " &amp; 
 "typeName" &amp; " : " &amp; "\"" &amp; RepeatOnRow.Output{/Row/typeName} &amp; "\"" &amp; ", " &amp; 
 "routeID" &amp; " : " &amp; "\"" &amp; RepeatOnRow.Output{/Row/routeID} &amp; "\"" &amp; ", " &amp; 
 "sqlServerID" &amp; " : " &amp; "\"" &amp; RepeatOnRow.Output{/Row/sqlServerID} &amp; "\"" &amp; ", " &amp; 
 "serverName" &amp; " : " &amp; "\"" &amp; RepeatOnRow.Output{/Row/serverName} &amp; "\"" &amp; ", " &amp; 
 "idLevel" &amp; " : " &amp; "\"" &amp; RepeatOnRow.Output{/Row/Level} &amp; "\"" &amp; " "</From></Assign></OutgoingLinks></Action></Actions></Step><Step xsi:type="Conditional"><Name>Sequence_20</Name><Description/><Steps><Step xsi:type="ForNextRepeater"><Name>Sequence_28</Name><Description/><Steps><Step xsi:type="ActionSequence"><Name>Sequence_29</Name><Description/><Steps/><Actions><Action><Name>CloseItems2</Name><Description> </Description><IncomingLinks/><OutgoingLinks><Assign xsi:type="Assign"><Name/><Description/><To>Local.content</To><From>Local.content &amp; " } " </From></Assign><Assign xsi:type="Assign"><Name/><Description/><To>Local.TempLevel</To><From>Loop2.CurrentItem</From></Assign></OutgoingLinks></Action></Actions></Step></Steps><Actions><Action><Name>Loop2</Name><Description> </Description><IncomingLinks><Assign xsi:type="Assign"><Name/><Description/><To>Loop2.Step</To><From>-1</From></Assign><Assign xsi:type="Assign"><Name/><Description/><To>Loop2.From</To><From>Local.Level</From></Assign><Assign xsi:type="Assign"><Name/><Description/><To>Loop2.To</To><From>1</From></Assign></IncomingLinks><OutgoingLinks/></Action></Actions></Step></Steps><Actions><Action><Name>LastRec</Name><Description> </Description><IncomingLinks><Assign xsi:type="Assign"><Name/><Description/><To>LastRec.Input1</To><From>if(RepeatOnRow.CurrentItem==RepeatOnRow.ItemCount,1,0)</From></Assign></IncomingLinks><OutgoingLinks/></Action></Actions></Step></Steps><Actions><Action><Name>AssignLevel</Name><Description> </Description><IncomingLinks/><OutgoingLinks><Assign xsi:type="Assign"><Name/><Description/><To>Local.TempLevel</To><From>RepeatOnRow.Output{/Row/Level}</From></Assign></OutgoingLinks></Action></Actions></Step></Steps><Actions><Action><Name>FirstRec</Name><Description> </Description><IncomingLinks><Assign xsi:type="Assign"><Name/><Description/><To>FirstRec.Input1</To><From>if(RepeatOnRow.CurrentItem==1,1,0)</From></Assign></IncomingLinks><OutgoingLinks/></Action></Actions></Step></Steps><Actions><Action><Name>RepeatOnRow</Name><Description> </Description><IncomingLinks/><OutgoingLinks/></Action></Actions></Step><Step xsi:type="ActionSequence"><Name>Sequence_0</Name><Description/><Steps><Step xsi:type="ActionSequence"><Name>Sequence_2</Name><Description/><Steps/><Actions><Action><Name>ShowHCOutput</Name><Description> </Description><IncomingLinks><Assign xsi:type="Assign"><Name/><Description/><To>ShowHCOutput.Message</To><From>Transaction.HC_OUT</From></Assign></IncomingLinks><OutgoingLinks/></Action></Actions></Step></Steps><Actions><Action><Name>Assign_HC_OUT</Name><Description> </Description><IncomingLinks/><OutgoingLinks><Assign xsi:type="Assign"><Name/><Description/><To>Transaction.HC_OUT</To><From>Local.header  &amp; Local.content &amp; "}}"</From></Assign></OutgoingLinks></Action></Actions></Step></Steps><Actions><Action><Name>getUnitsData</Name><Description>SQL Query</Description><IncomingLinks><Assign xsi:type="Assign"><Name/><Description/><To>getUnitsData.Param.1</To><From>Transaction.IDPLANT</From></Assign><Assign xsi:type="Assign"><Name/><Description/><To>getUnitsData.Server</To><From>Transaction.SERVER_SQL</From></Assign></IncomingLinks><OutgoingLinks/></Action></Actions></Step></Steps></Transaction>