<?xml version="1.0" encoding="UTF-8"?><Transaction xmlns:xsd="http://www.w3.org/2001/XMLSchema" xmlns:xsi="http://www.w3.org/2001/XMLSchema-instance" Version="15.0.4.11"><TransactionAttributes><ContextItem><Name>Description</Name><Description>Transaction Description</Description><MinRange>0</MinRange><MaxRange>0</MaxRange><Value xsi:type="string"/><ReadOnly>true</ReadOnly><AlertXMLAssigned>false</AlertXMLAssigned></ContextItem><ContextItem><Name>Comments</Name><Description>User Comments</Description><MinRange>0</MinRange><MaxRange>0</MaxRange><Value xsi:type="string"/><ReadOnly>true</ReadOnly><AlertXMLAssigned>false</AlertXMLAssigned></ContextItem><ContextItem><Name>CreatedBy</Name><Description>Created By</Description><MinRange>0</MinRange><MaxRange>0</MaxRange><Value xsi:type="string">RadPa</Value><ReadOnly>true</ReadOnly><AlertXMLAssigned>false</AlertXMLAssigned></ContextItem><ContextItem><Name>CreationDate</Name><Description>Creation Date</Description><MinRange>0</MinRange><MaxRange>0</MaxRange><Value xsi:type="dateTime">2015-08-24T10:47:39</Value><ReadOnly>true</ReadOnly><AlertXMLAssigned>false</AlertXMLAssigned></ContextItem><ContextItem><Name>Category</Name><Description>Transaction Category</Description><MinRange>0</MinRange><MaxRange>0</MaxRange><Value xsi:type="string"/><ReadOnly>true</ReadOnly><AlertXMLAssigned>false</AlertXMLAssigned></ContextItem><ContextItem><Name>Status</Name><Description>Deployment Status</Description><MinRange>0</MinRange><MaxRange>0</MaxRange><Value xsi:type="string">DEVELOPMENT</Value><ReadOnly>true</ReadOnly><AlertXMLAssigned>false</AlertXMLAssigned></ContextItem><ContextItem><Name>LegacyProcessingMode</Name><Description>Support the pre MII 12.1 Transaction Engine.</Description><MinRange>0</MinRange><MaxRange>0</MaxRange><Value xsi:type="boolean">0</Value><ReadOnly>true</ReadOnly><AlertXMLAssigned>false</AlertXMLAssigned></ContextItem><ContextItem><Name>AutoAppendBlankNamespaces</Name><Description>AutoAppendBlankNamespaces</Description><MinRange>0</MinRange><MaxRange>0</MaxRange><Value xsi:type="boolean">1</Value><ReadOnly>true</ReadOnly><AlertXMLAssigned>false</AlertXMLAssigned></ContextItem><ContextItem><Name>ThrowOnLinkError</Name><Description>Throws an exception when a link error occures</Description><MinRange>0</MinRange><MaxRange>0</MaxRange><Value xsi:type="boolean">0</Value><ReadOnly>true</ReadOnly><AlertXMLAssigned>false</AlertXMLAssigned></ContextItem><ContextItem><Name>LastEditedBy</Name><Description>Last Edited By</Description><MinRange>0</MinRange><MaxRange>0</MaxRange><Value xsi:type="xsd:string">catalin</Value><ReadOnly>true</ReadOnly><AlertXMLAssigned>false</AlertXMLAssigned></ContextItem><ContextItem><Name>LastEditedDate</Name><Description>Last Edited Date</Description><MinRange>0</MinRange><MaxRange>0</MaxRange><Value xsi:type="xsd:dateTime">2015-12-21T11:45:04</Value><ReadOnly>true</ReadOnly><AlertXMLAssigned>false</AlertXMLAssigned></ContextItem><ContextItem><Name>FormatXMLOnConversion</Name><Description>By default XML will be formatted when assigned from XML data type to String data type. This behaviour can be changed with this flag.</Description><MinRange>0</MinRange><MaxRange>0</MaxRange><Value xsi:type="boolean">1</Value><ReadOnly>true</ReadOnly><AlertXMLAssigned>false</AlertXMLAssigned></ContextItem></TransactionAttributes><Name>SPCM/PLANTS/TRANSACTIONS/exportPlants</Name><Version>104</Version><WriterRoles>SAP_XMII_Super_Administrator,SAP_XMII_Administrator,SAP_XMII_Developer</WriterRoles><Context><ContextItem><Name>CSV_PLANTS</Name><Description/><MinRange>0</MinRange><MaxRange>0</MaxRange><Value xsi:type="string"/><ReadOnly>true</ReadOnly><AlertXMLAssigned>false</AlertXMLAssigned></ContextItem><ContextItem><Name>FILENAME</Name><Description/><MinRange>0</MinRange><MaxRange>0</MaxRange><Value xsi:type="string"/><ReadOnly>false</ReadOnly><AlertXMLAssigned>false</AlertXMLAssigned></ContextItem><ContextItem><Name>RUN_DATE</Name><Description/><MinRange>0</MinRange><MaxRange>0</MaxRange><Value xsi:type="string">20151130</Value><ReadOnly>false</ReadOnly><AlertXMLAssigned>false</AlertXMLAssigned></ContextItem><ContextItem><Name>SERVER_SQL</Name><Description>SQL server where the data is stored</Description><MinRange>0</MinRange><MaxRange>0</MaxRange><Value xsi:type="string">SPCM</Value><ReadOnly>false</ReadOnly><AlertXMLAssigned>false</AlertXMLAssigned></ContextItem></Context><Local><ContextItem><Name>CSV_PATH</Name><Description/><MinRange>0</MinRange><MaxRange>0</MaxRange><Value xsi:type="string">web://SPCM/Data/</Value><ReadOnly>false</ReadOnly><AlertXMLAssigned>false</AlertXMLAssigned></ContextItem><ContextItem><Name>PlantStr</Name><Description/><MinRange>0</MinRange><MaxRange>0</MaxRange><Value xsi:type="string"/><ReadOnly>false</ReadOnly><AlertXMLAssigned>false</AlertXMLAssigned></ContextItem></Local><Layout><GUILayoutItem><Name>Sequence_1</Name><X>224</X><Y>280</Y><Width>120</Width><SpacingWidth>552</SpacingWidth><DescendantWidth>552</DescendantWidth><Height>96</Height></GUILayoutItem><GUILayoutItem><Name>GetPlants</Name><X>232</X><Y>296</Y><Width>104</Width><SpacingWidth>0</SpacingWidth><DescendantWidth>0</DescendantWidth><Height>72</Height></GUILayoutItem><GUILayoutItem><Name>Sequence_2</Name><X>224</X><Y>416</Y><Width>120</Width><SpacingWidth>552</SpacingWidth><DescendantWidth>552</DescendantWidth><Height>96</Height></GUILayoutItem><GUILayoutItem><Name>GetPlants_Ok</Name><X>232</X><Y>432</Y><Width>104</Width><SpacingWidth>0</SpacingWidth><DescendantWidth>0</DescendantWidth><Height>72</Height></GUILayoutItem><GUILayoutItem><Name>Sequence_3</Name><X>152</X><Y>552</Y><Width>120</Width><SpacingWidth>408</SpacingWidth><DescendantWidth>408</DescendantWidth><Height>96</Height></GUILayoutItem><GUILayoutItem><Name>RepeatOnRow</Name><X>160</X><Y>568</Y><Width>104</Width><SpacingWidth>0</SpacingWidth><DescendantWidth>0</DescendantWidth><Height>72</Height></GUILayoutItem><GUILayoutItem><Name>Sequence_5</Name><X>152</X><Y>688</Y><Width>120</Width><SpacingWidth>408</SpacingWidth><DescendantWidth>408</DescendantWidth><Height>96</Height></GUILayoutItem><GUILayoutItem><Name>ShowRow</Name><X>160</X><Y>704</Y><Width>104</Width><SpacingWidth>0</SpacingWidth><DescendantWidth>0</DescendantWidth><Height>72</Height></GUILayoutItem><GUILayoutItem><Name>Sequence_4</Name><X>440</X><Y>552</Y><Width>120</Width><SpacingWidth>120</SpacingWidth><DescendantWidth>0</DescendantWidth><Height>96</Height></GUILayoutItem><GUILayoutItem><Name>Err_1</Name><X>448</X><Y>568</Y><Width>104</Width><SpacingWidth>0</SpacingWidth><DescendantWidth>0</DescendantWidth><Height>72</Height></GUILayoutItem><GUILayoutItem><Name>Sequence_0</Name><X>296</X><Y>144</Y><Width>120</Width><SpacingWidth>696</SpacingWidth><DescendantWidth>696</DescendantWidth><Height>96</Height></GUILayoutItem><GUILayoutItem><Name>Sequence</Name><X>368</X><Y>8</Y><Width>120</Width><SpacingWidth>840</SpacingWidth><DescendantWidth>840</DescendantWidth><Height>96</Height></GUILayoutItem><GUILayoutItem><Name>Sequence10</Name><X>728</X><Y>144</Y><Width>120</Width><SpacingWidth>120</SpacingWidth><DescendantWidth>120</DescendantWidth><Height>96</Height></GUILayoutItem><GUILayoutItem><Name>Exception_Enabler_0</Name><X>304</X><Y>160</Y><Width>104</Width><SpacingWidth>0</SpacingWidth><DescendantWidth>0</DescendantWidth><Height>72</Height></GUILayoutItem><GUILayoutItem><Name>Sequence_7</Name><X>584</X><Y>280</Y><Width>120</Width><SpacingWidth>120</SpacingWidth><DescendantWidth>120</DescendantWidth><Height>96</Height></GUILayoutItem><GUILayoutItem><Name>Catch_0</Name><X>592</X><Y>296</Y><Width>104</Width><SpacingWidth>0</SpacingWidth><DescendantWidth>0</DescendantWidth><Height>72</Height></GUILayoutItem><GUILayoutItem><Name>Sequence_8</Name><X>584</X><Y>416</Y><Width>120</Width><SpacingWidth>120</SpacingWidth><DescendantWidth>0</DescendantWidth><Height>96</Height></GUILayoutItem><GUILayoutItem><Name>ShowCatch_0</Name><X>592</X><Y>432</Y><Width>104</Width><SpacingWidth>0</SpacingWidth><DescendantWidth>0</DescendantWidth><Height>72</Height></GUILayoutItem><GUILayoutItem><Name>ShowParam</Name><X>376</X><Y>24</Y><Width>104</Width><SpacingWidth>0</SpacingWidth><DescendantWidth>0</DescendantWidth><Height>72</Height></GUILayoutItem><GUILayoutItem><Name>Sequence_11</Name><X>728</X><Y>280</Y><Width>120</Width><SpacingWidth>120</SpacingWidth><DescendantWidth>0</DescendantWidth><Height>96</Height></GUILayoutItem><GUILayoutItem><Name>ShowCSV_PLANTS</Name><X>736</X><Y>296</Y><Width>104</Width><SpacingWidth>0</SpacingWidth><DescendantWidth>0</DescendantWidth><Height>72</Height></GUILayoutItem><GUILayoutItem><Name>Sequence_6</Name><X>8</X><Y>960</Y><Width>120</Width><SpacingWidth>120</SpacingWidth><DescendantWidth>0</DescendantWidth><Height>96</Height></GUILayoutItem><GUILayoutItem><Name>AssignFirstPlant</Name><X>16</X><Y>976</Y><Width>104</Width><SpacingWidth>0</SpacingWidth><DescendantWidth>0</DescendantWidth><Height>72</Height></GUILayoutItem><GUILayoutItem><Name>Text_Saver</Name><X>736</X><Y>160</Y><Width>104</Width><SpacingWidth>0</SpacingWidth><DescendantWidth>0</DescendantWidth><Height>72</Height></GUILayoutItem><GUILayoutItem><Name>Sequence_10</Name><X>152</X><Y>824</Y><Width>120</Width><SpacingWidth>408</SpacingWidth><DescendantWidth>408</DescendantWidth><Height>96</Height></GUILayoutItem><GUILayoutItem><Name>FirstRec</Name><X>160</X><Y>840</Y><Width>104</Width><SpacingWidth>0</SpacingWidth><DescendantWidth>0</DescendantWidth><Height>72</Height></GUILayoutItem><GUILayoutItem><Name>Sequence_12</Name><X>152</X><Y>1096</Y><Width>120</Width><SpacingWidth>120</SpacingWidth><DescendantWidth>0</DescendantWidth><Height>96</Height></GUILayoutItem><GUILayoutItem><Name>AssignLastPlant</Name><X>160</X><Y>1112</Y><Width>104</Width><SpacingWidth>0</SpacingWidth><DescendantWidth>0</DescendantWidth><Height>72</Height></GUILayoutItem><GUILayoutItem><Name>Sequence_13</Name><X>224</X><Y>960</Y><Width>120</Width><SpacingWidth>264</SpacingWidth><DescendantWidth>264</DescendantWidth><Height>96</Height></GUILayoutItem><GUILayoutItem><Name>LastRec</Name><X>232</X><Y>976</Y><Width>104</Width><SpacingWidth>0</SpacingWidth><DescendantWidth>0</DescendantWidth><Height>72</Height></GUILayoutItem><GUILayoutItem><Name>Sequence_14</Name><X>296</X><Y>1096</Y><Width>120</Width><SpacingWidth>120</SpacingWidth><DescendantWidth>0</DescendantWidth><Height>96</Height></GUILayoutItem><GUILayoutItem><Name>AssignMidPlant</Name><X>304</X><Y>1112</Y><Width>104</Width><SpacingWidth>0</SpacingWidth><DescendantWidth>0</DescendantWidth><Height>72</Height></GUILayoutItem></Layout><Actions><ContextItem><Name>GetPlants</Name><Description/><MinRange>0</MinRange><MaxRange>0</MaxRange><Value xsi:type="IlluminatorSQLQueryObject"><Timeout>60</Timeout><QueryParameters/><QueryTemplate>SPCM/PLANTS/QUERIES/get_Plants</QueryTemplate><QueryStartDate>2015-11-25T11:22:37</QueryStartDate><QueryEndDate>2015-11-25T11:22:37</QueryEndDate><SQLTransaction/><Results><ReferenceDocumentSource/>&lt;?xml version="1.0" encoding="UTF-8"?&gt;&lt;Rowsets CachedTime="" DateCreated="2015-12-21T11:42:56" EndDate="2015-12-21T11:42:56" StartDate="2015-12-21T10:42:56" Version="15.0 SP4 Patch 11 (Aug 28, 2015)"&gt;&lt;Rowset&gt;&lt;Columns&gt;&lt;Column Description="idUnit" MaxRange="1" MinRange="0" Name="idUnit" SQLDataType="4" SourceColumn="idUnit"/&gt;&lt;Column Description="isGroup" MaxRange="1" MinRange="0" Name="isGroup" SQLDataType="4" SourceColumn="isGroup"/&gt;&lt;Column Description="isAsset" MaxRange="1" MinRange="0" Name="isAsset" SQLDataType="4" SourceColumn="isAsset"/&gt;&lt;Column Description="isCharacteristic" MaxRange="1" MinRange="0" Name="isCharacteristic" SQLDataType="4" SourceColumn="isCharacteristic"/&gt;&lt;Column Description="UnitName" MaxRange="1" MinRange="0" Name="UnitName" SQLDataType="-9" SourceColumn="UnitName"/&gt;&lt;Column Description="UnitDescr" MaxRange="1" MinRange="0" Name="UnitDescr" SQLDataType="-16" SourceColumn="UnitDescr"/&gt;&lt;Column Description="idUnitParent" MaxRange="1" MinRange="0" Name="idUnitParent" SQLDataType="4" SourceColumn="idUnitParent"/&gt;&lt;Column Description="UnitSAPID" MaxRange="1" MinRange="0" Name="UnitSAPID" SQLDataType="-9" SourceColumn="UnitSAPID"/&gt;&lt;Column Description="ModifiedBy" MaxRange="1" MinRange="0" Name="ModifiedBy" SQLDataType="-9" SourceColumn="ModifiedBy"/&gt;&lt;Column Description="ModifiedOn" MaxRange="1" MinRange="0" Name="ModifiedOn" SQLDataType="93" SourceColumn="ModifiedOn"/&gt;&lt;Column Description="CreatedBy" MaxRange="1" MinRange="0" Name="CreatedBy" SQLDataType="-9" SourceColumn="CreatedBy"/&gt;&lt;Column Description="CreatedOn" MaxRange="1" MinRange="0" Name="CreatedOn" SQLDataType="93" SourceColumn="CreatedOn"/&gt;&lt;Column Description="miiDataServer" MaxRange="1" MinRange="0" Name="miiDataServer" SQLDataType="-9" SourceColumn="miiDataServer"/&gt;&lt;Column Description="UnitActive" MaxRange="1" MinRange="0" Name="UnitActive" SQLDataType="4" SourceColumn="UnitActive"/&gt;&lt;Column Description="UnitFloorMapSrc" MaxRange="1" MinRange="0" Name="UnitFloorMapSrc" SQLDataType="-16" SourceColumn="UnitFloorMapSrc"/&gt;&lt;Column Description="UnitCoordX" MaxRange="1" MinRange="0" Name="UnitCoordX" SQLDataType="4" SourceColumn="UnitCoordX"/&gt;&lt;Column Description="UnitCoordY" MaxRange="1" MinRange="0" Name="UnitCoordY" SQLDataType="4" SourceColumn="UnitCoordY"/&gt;&lt;Column Description="src" MaxRange="1" MinRange="0" Name="src" SQLDataType="12" SourceColumn="src"/&gt;&lt;/Columns&gt;&lt;Row&gt;&lt;idUnit&gt;1&lt;/idUnit&gt;&lt;isGroup&gt;1&lt;/isGroup&gt;&lt;isAsset&gt;0&lt;/isAsset&gt;&lt;isCharacteristic&gt;0&lt;/isCharacteristic&gt;&lt;UnitName&gt;POTTSTOWN US&lt;/UnitName&gt;&lt;UnitDescr&gt;DANA DRIVE SHAFT PRODUCTS&lt;/UnitDescr&gt;&lt;idUnitParent&gt;0&lt;/idUnitParent&gt;&lt;UnitSAPID&gt;1001&lt;/UnitSAPID&gt;&lt;ModifiedBy&gt;RadPa&lt;/ModifiedBy&gt;&lt;ModifiedOn&gt;2015-11-10T15:26:36&lt;/ModifiedOn&gt;&lt;CreatedBy&gt;RadPa&lt;/CreatedBy&gt;&lt;CreatedOn&gt;2015-08-14T00:00:00&lt;/CreatedOn&gt;&lt;miiDataServer&gt;OPS_1001&lt;/miiDataServer&gt;&lt;UnitActive&gt;1&lt;/UnitActive&gt;&lt;UnitFloorMapSrc&gt;none.png&lt;/UnitFloorMapSrc&gt;&lt;UnitCoordX&gt;0&lt;/UnitCoordX&gt;&lt;UnitCoordY&gt;0&lt;/UnitCoordY&gt;&lt;src&gt;Common/img/check.png&lt;/src&gt;&lt;/Row&gt;&lt;Row&gt;&lt;idUnit&gt;2&lt;/idUnit&gt;&lt;isGroup&gt;1&lt;/isGroup&gt;&lt;isAsset&gt;0&lt;/isAsset&gt;&lt;isCharacteristic&gt;0&lt;/isCharacteristic&gt;&lt;UnitName&gt;1002 ENCO MX&lt;/UnitName&gt;&lt;UnitDescr&gt;DANA DE MEXICO CORPORACION&lt;/UnitDescr&gt;&lt;idUnitParent&gt;0&lt;/idUnitParent&gt;&lt;UnitSAPID&gt;1002&lt;/UnitSAPID&gt;&lt;ModifiedBy&gt;RadPa&lt;/ModifiedBy&gt;&lt;ModifiedOn&gt;2015-10-08T11:33:24&lt;/ModifiedOn&gt;&lt;CreatedBy&gt;RadPa&lt;/CreatedBy&gt;&lt;CreatedOn&gt;2015-08-20T00:00:00&lt;/CreatedOn&gt;&lt;miiDataServer&gt;SPCM1002&lt;/miiDataServer&gt;&lt;UnitActive&gt;0&lt;/UnitActive&gt;&lt;UnitFloorMapSrc&gt;none.png&lt;/UnitFloorMapSrc&gt;&lt;UnitCoordX&gt;0&lt;/UnitCoordX&gt;&lt;UnitCoordY&gt;0&lt;/UnitCoordY&gt;&lt;src&gt;Common/img/blank.png&lt;/src&gt;&lt;/Row&gt;&lt;Row&gt;&lt;idUnit&gt;3&lt;/idUnit&gt;&lt;isGroup&gt;1&lt;/isGroup&gt;&lt;isAsset&gt;0&lt;/isAsset&gt;&lt;isCharacteristic&gt;0&lt;/isCharacteristic&gt;&lt;UnitName&gt;1003 COTC LAB US&lt;/UnitName&gt;&lt;UnitDescr&gt;Description&lt;/UnitDescr&gt;&lt;idUnitParent&gt;0&lt;/idUnitParent&gt;&lt;UnitSAPID&gt;1003&lt;/UnitSAPID&gt;&lt;ModifiedBy&gt;RadPa&lt;/ModifiedBy&gt;&lt;ModifiedOn&gt;2015-11-04T12:33:43&lt;/ModifiedOn&gt;&lt;CreatedBy&gt;RadPa&lt;/CreatedBy&gt;&lt;CreatedOn&gt;2015-08-20T00:00:00&lt;/CreatedOn&gt;&lt;miiDataServer&gt;SPCM1003&lt;/miiDataServer&gt;&lt;UnitActive&gt;0&lt;/UnitActive&gt;&lt;UnitFloorMapSrc&gt;none.png&lt;/UnitFloorMapSrc&gt;&lt;UnitCoordX&gt;0&lt;/UnitCoordX&gt;&lt;UnitCoordY&gt;0&lt;/UnitCoordY&gt;&lt;src&gt;Common/img/blank.png&lt;/src&gt;&lt;/Row&gt;&lt;Row&gt;&lt;idUnit&gt;4&lt;/idUnit&gt;&lt;isGroup&gt;1&lt;/isGroup&gt;&lt;isAsset&gt;0&lt;/isAsset&gt;&lt;isCharacteristic&gt;0&lt;/isCharacteristic&gt;&lt;UnitName&gt;1004 BIRMINGHAM UK&lt;/UnitName&gt;&lt;UnitDescr&gt;Description&lt;/UnitDescr&gt;&lt;idUnitParent&gt;0&lt;/idUnitParent&gt;&lt;UnitSAPID&gt;1004&lt;/UnitSAPID&gt;&lt;ModifiedBy&gt;RadPa&lt;/ModifiedBy&gt;&lt;ModifiedOn&gt;2015-10-08T11:33:43&lt;/ModifiedOn&gt;&lt;CreatedBy&gt;RadPa&lt;/CreatedBy&gt;&lt;CreatedOn&gt;2015-08-20T00:00:00&lt;/CreatedOn&gt;&lt;miiDataServer&gt;SPCM1004&lt;/miiDataServer&gt;&lt;UnitActive&gt;0&lt;/UnitActive&gt;&lt;UnitFloorMapSrc&gt;none.png&lt;/UnitFloorMapSrc&gt;&lt;UnitCoordX&gt;0&lt;/UnitCoordX&gt;&lt;UnitCoordY&gt;0&lt;/UnitCoordY&gt;&lt;src&gt;Common/img/blank.png&lt;/src&gt;&lt;/Row&gt;&lt;Row&gt;&lt;idUnit&gt;5&lt;/idUnit&gt;&lt;isGroup&gt;1&lt;/isGroup&gt;&lt;isAsset&gt;0&lt;/isAsset&gt;&lt;isCharacteristic&gt;0&lt;/isCharacteristic&gt;&lt;UnitName&gt;1005 AUBURN HILLS US&lt;/UnitName&gt;&lt;UnitDescr&gt;DANA CORPORATION&lt;/UnitDescr&gt;&lt;idUnitParent&gt;0&lt;/idUnitParent&gt;&lt;UnitSAPID&gt;1005&lt;/UnitSAPID&gt;&lt;ModifiedBy&gt;RadPa&lt;/ModifiedBy&gt;&lt;ModifiedOn&gt;2015-11-04T12:33:51&lt;/ModifiedOn&gt;&lt;CreatedBy&gt;RadPa&lt;/CreatedBy&gt;&lt;CreatedOn&gt;2015-08-20T00:00:00&lt;/CreatedOn&gt;&lt;miiDataServer&gt;SPCM1005&lt;/miiDataServer&gt;&lt;UnitActive&gt;0&lt;/UnitActive&gt;&lt;UnitFloorMapSrc&gt;none.png&lt;/UnitFloorMapSrc&gt;&lt;UnitCoordX&gt;0&lt;/UnitCoordX&gt;&lt;UnitCoordY&gt;0&lt;/UnitCoordY&gt;&lt;src&gt;Common/img/blank.png&lt;/src&gt;&lt;/Row&gt;&lt;/Rowset&gt;&lt;/Rowsets&gt;</Results><TagList/></Value><SchemaURI/><SchemaElement/><ValidateXMLOnExecution>1</ValidateXMLOnExecution><ReadOnly>false</ReadOnly><AlertXMLAssigned>false</AlertXMLAssigned></ContextItem><ContextItem><Name>GetPlants_Ok</Name><Description/><MinRange>0</MinRange><MaxRange>0</MaxRange><Value xsi:type="ConditionalAction"><Output>false</Output><InputCount>1</InputCount><LogicalAnd>false</LogicalAnd><Input1>false</Input1></Value><ReadOnly>false</ReadOnly><AlertXMLAssigned>false</AlertXMLAssigned></ContextItem><ContextItem><Name>RepeatOnRow</Name><Description/><MinRange>0</MinRange><MaxRange>0</MaxRange><Value xsi:type="RepeaterAction"><Output><ReferenceDocumentSource/>&lt;?xml version="1.0" encoding="UTF-8"?&gt;&lt;Row&gt;&lt;idUnit&gt;1&lt;/idUnit&gt;&lt;isGroup&gt;1&lt;/isGroup&gt;&lt;isAsset&gt;0&lt;/isAsset&gt;&lt;isCharacteristic&gt;0&lt;/isCharacteristic&gt;&lt;UnitName&gt;POTTSTOWN US&lt;/UnitName&gt;&lt;UnitDescr&gt;DANA DRIVE SHAFT PRODUCTS&lt;/UnitDescr&gt;&lt;idUnitParent&gt;0&lt;/idUnitParent&gt;&lt;UnitSAPID&gt;1001&lt;/UnitSAPID&gt;&lt;ModifiedBy&gt;RadPa&lt;/ModifiedBy&gt;&lt;ModifiedOn&gt;2015-11-10T15:26:36&lt;/ModifiedOn&gt;&lt;CreatedBy&gt;RadPa&lt;/CreatedBy&gt;&lt;CreatedOn&gt;2015-08-14T00:00:00&lt;/CreatedOn&gt;&lt;miiDataServer&gt;OPS_1001&lt;/miiDataServer&gt;&lt;UnitActive&gt;1&lt;/UnitActive&gt;&lt;UnitFloorMapSrc&gt;none.png&lt;/UnitFloorMapSrc&gt;&lt;UnitCoordX&gt;0&lt;/UnitCoordX&gt;&lt;UnitCoordY&gt;0&lt;/UnitCoordY&gt;&lt;src&gt;Common/img/check.png&lt;/src&gt;&lt;/Row&gt;</Output><Break>false</Break><ItemCount>0</ItemCount><CurrentItem>0</CurrentItem><Source>GetPlants.Results{/Rowsets/Rowset/Row}</Source><Item><ReferenceDocumentSource/>&lt;?xml version="1.0" encoding="UTF-8"?&gt;&lt;Row&gt;&lt;idUnit&gt;1&lt;/idUnit&gt;&lt;isGroup&gt;1&lt;/isGroup&gt;&lt;isAsset&gt;0&lt;/isAsset&gt;&lt;isCharacteristic&gt;0&lt;/isCharacteristic&gt;&lt;UnitName&gt;POTTSTOWN US&lt;/UnitName&gt;&lt;UnitDescr&gt;DANA DRIVE SHAFT PRODUCTS&lt;/UnitDescr&gt;&lt;idUnitParent&gt;0&lt;/idUnitParent&gt;&lt;UnitSAPID&gt;1001&lt;/UnitSAPID&gt;&lt;ModifiedBy&gt;RadPa&lt;/ModifiedBy&gt;&lt;ModifiedOn&gt;2015-11-10T15:26:36&lt;/ModifiedOn&gt;&lt;CreatedBy&gt;RadPa&lt;/CreatedBy&gt;&lt;CreatedOn&gt;2015-08-14T00:00:00&lt;/CreatedOn&gt;&lt;miiDataServer&gt;OPS_1001&lt;/miiDataServer&gt;&lt;UnitActive&gt;1&lt;/UnitActive&gt;&lt;UnitFloorMapSrc&gt;none.png&lt;/UnitFloorMapSrc&gt;&lt;UnitCoordX&gt;0&lt;/UnitCoordX&gt;&lt;UnitCoordY&gt;0&lt;/UnitCoordY&gt;&lt;src&gt;Common/img/check.png&lt;/src&gt;&lt;/Row&gt;</Item></Value><SchemaURI/><SchemaElement/><ValidateXMLOnExecution>1</ValidateXMLOnExecution><SchemaURI/><SchemaElement/><ValidateXMLOnExecution>1</ValidateXMLOnExecution><ReadOnly>false</ReadOnly><AlertXMLAssigned>false</AlertXMLAssigned></ContextItem><ContextItem><Name>ShowRow</Name><Description/><MinRange>0</MinRange><MaxRange>0</MaxRange><Value xsi:type="Tracer"><Message/><Level>INFO</Level></Value><ReadOnly>false</ReadOnly><AlertXMLAssigned>false</AlertXMLAssigned></ContextItem><ContextItem><Name>Err_1</Name><Description/><MinRange>0</MinRange><MaxRange>0</MaxRange><Value xsi:type="Tracer"><Message/><Level>INFO</Level></Value><ReadOnly>false</ReadOnly><AlertXMLAssigned>false</AlertXMLAssigned></ContextItem><ContextItem><Name>Exception_Enabler_0</Name><Description/><MinRange>0</MinRange><MaxRange>0</MaxRange><Value xsi:type="ExceptionEnabler"><EnableActionExceptions>true</EnableActionExceptions><EnableLinkExceptions>true</EnableLinkExceptions></Value><ReadOnly>false</ReadOnly><AlertXMLAssigned>false</AlertXMLAssigned></ContextItem><ContextItem><Name>Catch_0</Name><Description/><MinRange>0</MinRange><MaxRange>0</MaxRange><Value xsi:type="CatchAction"/><ReadOnly>false</ReadOnly><AlertXMLAssigned>false</AlertXMLAssigned></ContextItem><ContextItem><Name>ShowCatch_0</Name><Description/><MinRange>0</MinRange><MaxRange>0</MaxRange><Value xsi:type="Tracer"><Message/><Level>INFO</Level></Value><ReadOnly>false</ReadOnly><AlertXMLAssigned>false</AlertXMLAssigned></ContextItem><ContextItem><Name>ShowParam</Name><Description/><MinRange>0</MinRange><MaxRange>0</MaxRange><Value xsi:type="Tracer"><Message/><Level>INFO</Level></Value><ReadOnly>false</ReadOnly><AlertXMLAssigned>false</AlertXMLAssigned></ContextItem><ContextItem><Name>ShowCSV_PLANTS</Name><Description/><MinRange>0</MinRange><MaxRange>0</MaxRange><Value xsi:type="Tracer"><Message/><Level>INFO</Level></Value><ReadOnly>false</ReadOnly><AlertXMLAssigned>false</AlertXMLAssigned></ContextItem><ContextItem><Name>AssignFirstPlant</Name><Description/><MinRange>0</MinRange><MaxRange>0</MaxRange><Value xsi:type="Assignment"/><ReadOnly>false</ReadOnly><AlertXMLAssigned>false</AlertXMLAssigned></ContextItem><ContextItem><Name>Text_Saver</Name><Description/><MinRange>0</MinRange><MaxRange>0</MaxRange><Value xsi:type="TextSaver"><Path/><StringContent/></Value><ReadOnly>false</ReadOnly><AlertXMLAssigned>false</AlertXMLAssigned></ContextItem><ContextItem><Name>FirstRec</Name><Description/><MinRange>0</MinRange><MaxRange>0</MaxRange><Value xsi:type="ConditionalAction"><Output>false</Output><InputCount>1</InputCount><LogicalAnd>false</LogicalAnd><Input1>false</Input1></Value><ReadOnly>false</ReadOnly><AlertXMLAssigned>false</AlertXMLAssigned></ContextItem><ContextItem><Name>AssignLastPlant</Name><Description/><MinRange>0</MinRange><MaxRange>0</MaxRange><Value xsi:type="Assignment"/><ReadOnly>false</ReadOnly><AlertXMLAssigned>false</AlertXMLAssigned></ContextItem><ContextItem><Name>LastRec</Name><Description/><MinRange>0</MinRange><MaxRange>0</MaxRange><Value xsi:type="ConditionalAction"><Output>false</Output><InputCount>1</InputCount><LogicalAnd>false</LogicalAnd><Input1>false</Input1></Value><ReadOnly>false</ReadOnly><AlertXMLAssigned>false</AlertXMLAssigned></ContextItem><ContextItem><Name>AssignMidPlant</Name><Description/><MinRange>0</MinRange><MaxRange>0</MaxRange><Value xsi:type="Assignment"/><ReadOnly>false</ReadOnly><AlertXMLAssigned>false</AlertXMLAssigned></ContextItem></Actions><ReaderRoles>SAP_XMII_Super_Administrator,SAP_XMII_Administrator,SAP_XMII_Developer,SAP_XMII_User</ReaderRoles><Steps><Step xsi:type="ActionSequence"><Name>Sequence</Name><Description/><Steps><Step xsi:type="ActionSequence"><Name>Sequence_0</Name><Description/><Steps><Step xsi:type="ActionSequence"><Name>Sequence_1</Name><Description/><Steps><Step xsi:type="Conditional"><Name>Sequence_2</Name><Description/><Steps><Step xsi:type="Repeater"><Name>Sequence_3</Name><Description/><Steps><Step xsi:type="ActionSequence"><Name>Sequence_5</Name><Description/><Steps><Step xsi:type="Conditional"><Name>Sequence_10</Name><Description/><Steps><Step xsi:type="ActionSequence"><Name>Sequence_6</Name><Description/><Steps/><Actions><Action><Name>AssignFirstPlant</Name><Description> </Description><IncomingLinks/><OutgoingLinks><Assign xsi:type="Assign"><Name/><Description/><To>Local.PlantStr</To><From>"[Plant]" &amp; crlf &amp;
"idUnit=" &amp; RepeatOnRow.Output{/Row/idUnit} &amp; crlf &amp;
"isGroup=" &amp; RepeatOnRow.Output{/Row/isGroup} &amp; crlf &amp;
"isAsset=" &amp; RepeatOnRow.Output{/Row/isAsset} &amp; crlf &amp;
"isCharacteristic=" &amp; RepeatOnRow.Output{/Row/isCharacteristic} &amp; crlf &amp;
"UnitName=" &amp; RepeatOnRow.Output{/Row/UnitName} &amp; crlf &amp;
"UnitDescr=" &amp; RepeatOnRow.Output{/Row/UnitDescr} &amp; crlf &amp;
"idUnitParent=" &amp; RepeatOnRow.Output{/Row/idUnitParent} &amp; crlf &amp;
"UnitSAPID=" &amp; RepeatOnRow.Output{/Row/UnitSAPID} &amp; crlf &amp;
"miiDataServer=" &amp; RepeatOnRow.Output{/Row/miiDataServer} &amp; crlf &amp;
"UnitActive=" &amp; RepeatOnRow.Output{/Row/UnitActive} &amp; crlf &amp;
"CreatedBy=" &amp; RepeatOnRow.Output{/Row/CreatedBy} &amp; crlf &amp;
"CreatedOn=" &amp; RepeatOnRow.Output{/Row/CreatedOn} &amp; ";" &amp; crlf</From></Assign><Assign xsi:type="Assign"><Name/><Description/><To>Transaction.CSV_PLANTS</To><From>Transaction.CSV_PLANTS &amp; Local.PlantStr</From></Assign></OutgoingLinks></Action></Actions></Step><Step xsi:type="Conditional"><Name>Sequence_13</Name><Description/><Steps><Step xsi:type="ActionSequence"><Name>Sequence_12</Name><Description/><Steps/><Actions><Action><Name>AssignLastPlant</Name><Description> </Description><IncomingLinks/><OutgoingLinks><Assign xsi:type="Assign"><Name/><Description/><To>Local.PlantStr</To><From>"[Plant]" &amp; crlf &amp;
"idUnit=" &amp; RepeatOnRow.Output{/Row/idUnit} &amp; crlf &amp;
"isGroup=" &amp; RepeatOnRow.Output{/Row/isGroup} &amp; crlf &amp;
"isAsset=" &amp; RepeatOnRow.Output{/Row/isAsset} &amp; crlf &amp;
"isCharacteristic=" &amp; RepeatOnRow.Output{/Row/isCharacteristic} &amp; crlf &amp;
"UnitName=" &amp; RepeatOnRow.Output{/Row/UnitName} &amp; crlf &amp;
"UnitDescr=" &amp; RepeatOnRow.Output{/Row/UnitDescr} &amp; crlf &amp;
"idUnitParent=" &amp; RepeatOnRow.Output{/Row/idUnitParent} &amp; crlf &amp;
"UnitSAPID=" &amp; RepeatOnRow.Output{/Row/UnitSAPID} &amp; crlf &amp;
"miiDataServer=" &amp; RepeatOnRow.Output{/Row/miiDataServer} &amp; crlf &amp;
"UnitActive=" &amp; RepeatOnRow.Output{/Row/UnitActive} &amp; crlf &amp;
"CreatedBy=" &amp; RepeatOnRow.Output{/Row/CreatedBy} &amp; crlf &amp;
"CreatedOn=" &amp; RepeatOnRow.Output{/Row/CreatedOn} &amp; ";" &amp; crlf</From></Assign><Assign xsi:type="Assign"><Name/><Description/><To>Transaction.CSV_PLANTS</To><From>Transaction.CSV_PLANTS &amp; Local.PlantStr</From></Assign></OutgoingLinks></Action></Actions></Step><Step xsi:type="ActionSequence"><Name>Sequence_14</Name><Description/><Steps/><Actions><Action><Name>AssignMidPlant</Name><Description> </Description><IncomingLinks/><OutgoingLinks><Assign xsi:type="Assign"><Name/><Description/><To>Local.PlantStr</To><From>"[Plant]" &amp; crlf &amp;
"idUnit=" &amp; RepeatOnRow.Output{/Row/idUnit} &amp; crlf &amp;
"isGroup=" &amp; RepeatOnRow.Output{/Row/isGroup} &amp; crlf &amp;
"isAsset=" &amp; RepeatOnRow.Output{/Row/isAsset} &amp; crlf &amp;
"isCharacteristic=" &amp; RepeatOnRow.Output{/Row/isCharacteristic} &amp; crlf &amp;
"UnitName=" &amp; RepeatOnRow.Output{/Row/UnitName} &amp; crlf &amp;
"UnitDescr=" &amp; RepeatOnRow.Output{/Row/UnitDescr} &amp; crlf &amp;
"idUnitParent=" &amp; RepeatOnRow.Output{/Row/idUnitParent} &amp; crlf &amp;
"UnitSAPID=" &amp; RepeatOnRow.Output{/Row/UnitSAPID} &amp; crlf &amp;
"miiDataServer=" &amp; RepeatOnRow.Output{/Row/miiDataServer} &amp; crlf &amp;
"UnitActive=" &amp; RepeatOnRow.Output{/Row/UnitActive} &amp; crlf &amp;
"CreatedBy=" &amp; RepeatOnRow.Output{/Row/CreatedBy} &amp; crlf &amp;
"CreatedOn=" &amp; RepeatOnRow.Output{/Row/CreatedOn} &amp; ";" &amp; crlf</From></Assign><Assign xsi:type="Assign"><Name/><Description/><To>Transaction.CSV_PLANTS</To><From>Transaction.CSV_PLANTS &amp; Local.PlantStr</From></Assign></OutgoingLinks></Action></Actions></Step></Steps><Actions><Action><Name>LastRec</Name><Description> </Description><IncomingLinks><Assign xsi:type="Assign"><Name/><Description/><To>LastRec.Input1</To><From>if(RepeatOnRow.CurrentItem==RepeatOnRow.ItemCount,1,0)</From></Assign></IncomingLinks><OutgoingLinks/></Action></Actions></Step></Steps><Actions><Action><Name>FirstRec</Name><Description> </Description><IncomingLinks><Assign xsi:type="Assign"><Name/><Description/><To>FirstRec.Input1</To><From>if(RepeatOnRow.CurrentItem==1,1,0)</From></Assign></IncomingLinks><OutgoingLinks/></Action></Actions></Step></Steps><Actions><Action><Name>ShowRow</Name><Description> </Description><IncomingLinks><Assign xsi:type="Assign"><Name/><Description/><To>ShowRow.Message</To><From>" "  &amp; RepeatOnRow.CurrentItem &amp; " of " &amp; RepeatOnRow.ItemCount &amp; " -- " &amp; RepeatOnRow.Output{/Row/idUnit} &amp; " -- " &amp; RepeatOnRow.Output{/Row/UnitName} &amp; " -- " &amp; RepeatOnRow.Output{/Row/UnitDescr} &amp; " -- " &amp; RepeatOnRow.Output{/Row/UnitSAPID}</From></Assign></IncomingLinks><OutgoingLinks/></Action></Actions></Step></Steps><Actions><Action><Name>RepeatOnRow</Name><Description> </Description><IncomingLinks/><OutgoingLinks/></Action></Actions></Step><Step xsi:type="ActionSequence"><Name>Sequence_4</Name><Description/><Steps/><Actions><Action><Name>Err_1</Name><Description> </Description><IncomingLinks><Assign xsi:type="Assign"><Name/><Description/><To>Err_1.Message</To><From>" Cannot query Plants Data .." &amp; get_Plants.LastErrorMessage</From></Assign></IncomingLinks><OutgoingLinks/></Action></Actions></Step></Steps><Actions><Action><Name>GetPlants_Ok</Name><Description> </Description><IncomingLinks><Assign xsi:type="Assign"><Name/><Description/><To>GetPlants_Ok.Input1</To><From>GetPlants.Success</From></Assign></IncomingLinks><OutgoingLinks/></Action></Actions></Step></Steps><Actions><Action><Name>GetPlants</Name><Description>SQL Query</Description><IncomingLinks><Assign xsi:type="Assign"><Name/><Description/><To>GetPlants.Server</To><From>Transaction.SERVER_SQL</From></Assign></IncomingLinks><OutgoingLinks/></Action></Actions></Step><Step xsi:type="Catch"><Name>Sequence_7</Name><Description/><Steps><Step xsi:type="ActionSequence"><Name>Sequence_8</Name><Description/><Steps/><Actions><Action><Name>ShowCatch_0</Name><Description> </Description><IncomingLinks><Assign xsi:type="Assign"><Name/><Description/><To>ShowCatch_0.Message</To><From>Catch_0.Message</From></Assign></IncomingLinks><OutgoingLinks/></Action></Actions></Step></Steps><Actions><Action><Name>Catch_0</Name><Description>Catches an exception</Description><IncomingLinks/><OutgoingLinks/></Action></Actions></Step></Steps><Actions><Action><Name>Exception_Enabler_0</Name><Description>Enables exceptions.</Description><IncomingLinks/><OutgoingLinks/></Action></Actions></Step><Step xsi:type="ActionSequence"><Name>Sequence10</Name><Description/><Steps><Step xsi:type="ActionSequence"><Name>Sequence_11</Name><Description/><Steps/><Actions><Action><Name>ShowCSV_PLANTS</Name><Description> </Description><IncomingLinks><Assign xsi:type="Assign"><Name/><Description/><To>ShowCSV_PLANTS.Message</To><From>Transaction.CSV_PLANTS</From></Assign></IncomingLinks><OutgoingLinks/></Action></Actions></Step></Steps><Actions><Action><Name>Text_Saver</Name><Description> </Description><IncomingLinks><Assign xsi:type="Assign"><Name/><Description/><To>Text_Saver.Path</To><From>Local.CSV_PATH &amp; "ExportPlants" &amp; stringreplace(Transaction.RUN_DATE, "-", "") &amp; ".dat"</From></Assign><Assign xsi:type="Assign"><Name/><Description/><To>Text_Saver.StringContent</To><From>Transaction.CSV_PLANTS</From></Assign></IncomingLinks><OutgoingLinks/></Action></Actions></Step></Steps><Actions><Action><Name>ShowParam</Name><Description> </Description><IncomingLinks><Assign xsi:type="Assign"><Name/><Description/><To>ShowParam.Message</To><From>" SQL Server: " &amp; Transaction.SERVER_SQL</From></Assign></IncomingLinks><OutgoingLinks/></Action></Actions></Step></Steps></Transaction>