<?xml version="1.0" encoding="UTF-8"?><Transaction xmlns:xsd="http://www.w3.org/2001/XMLSchema" xmlns:xsi="http://www.w3.org/2001/XMLSchema-instance" Version="15.0.4.11"><TransactionAttributes><ContextItem><Name>Description</Name><Description>Transaction Description</Description><MinRange>0</MinRange><MaxRange>0</MaxRange><Value xsi:type="string"/><ReadOnly>true</ReadOnly><AlertXMLAssigned>false</AlertXMLAssigned></ContextItem><ContextItem><Name>Comments</Name><Description>User Comments</Description><MinRange>0</MinRange><MaxRange>0</MaxRange><Value xsi:type="string"/><ReadOnly>true</ReadOnly><AlertXMLAssigned>false</AlertXMLAssigned></ContextItem><ContextItem><Name>CreatedBy</Name><Description>Created By</Description><MinRange>0</MinRange><MaxRange>0</MaxRange><Value xsi:type="string">RadPa</Value><ReadOnly>true</ReadOnly><AlertXMLAssigned>false</AlertXMLAssigned></ContextItem><ContextItem><Name>CreationDate</Name><Description>Creation Date</Description><MinRange>0</MinRange><MaxRange>0</MaxRange><Value xsi:type="dateTime">2015-08-24T12:49:00</Value><ReadOnly>true</ReadOnly><AlertXMLAssigned>false</AlertXMLAssigned></ContextItem><ContextItem><Name>Category</Name><Description>Transaction Category</Description><MinRange>0</MinRange><MaxRange>0</MaxRange><Value xsi:type="string"/><ReadOnly>true</ReadOnly><AlertXMLAssigned>false</AlertXMLAssigned></ContextItem><ContextItem><Name>Status</Name><Description>Deployment Status</Description><MinRange>0</MinRange><MaxRange>0</MaxRange><Value xsi:type="string">DEVELOPMENT</Value><ReadOnly>true</ReadOnly><AlertXMLAssigned>false</AlertXMLAssigned></ContextItem><ContextItem><Name>LegacyProcessingMode</Name><Description>Support the pre MII 12.1 Transaction Engine.</Description><MinRange>0</MinRange><MaxRange>0</MaxRange><Value xsi:type="boolean">0</Value><ReadOnly>true</ReadOnly><AlertXMLAssigned>false</AlertXMLAssigned></ContextItem><ContextItem><Name>AutoAppendBlankNamespaces</Name><Description>AutoAppendBlankNamespaces</Description><MinRange>0</MinRange><MaxRange>0</MaxRange><Value xsi:type="boolean">1</Value><ReadOnly>true</ReadOnly><AlertXMLAssigned>false</AlertXMLAssigned></ContextItem><ContextItem><Name>ThrowOnLinkError</Name><Description>Throws an exception when a link error occures</Description><MinRange>0</MinRange><MaxRange>0</MaxRange><Value xsi:type="boolean">0</Value><ReadOnly>true</ReadOnly><AlertXMLAssigned>false</AlertXMLAssigned></ContextItem><ContextItem><Name>LastEditedBy</Name><Description>Last Edited By</Description><MinRange>0</MinRange><MaxRange>0</MaxRange><Value xsi:type="xsd:string">RadPa</Value><ReadOnly>true</ReadOnly><AlertXMLAssigned>false</AlertXMLAssigned></ContextItem><ContextItem><Name>LastEditedDate</Name><Description>Last Edited Date</Description><MinRange>0</MinRange><MaxRange>0</MaxRange><Value xsi:type="xsd:dateTime">2016-05-10T15:07:49</Value><ReadOnly>true</ReadOnly><AlertXMLAssigned>false</AlertXMLAssigned></ContextItem><ContextItem><Name>FormatXMLOnConversion</Name><Description>By default XML will be formatted when assigned from XML data type to String data type. This behaviour can be changed with this flag.</Description><MinRange>0</MinRange><MaxRange>0</MaxRange><Value xsi:type="boolean">1</Value><ReadOnly>true</ReadOnly><AlertXMLAssigned>false</AlertXMLAssigned></ContextItem></TransactionAttributes><Name>MESM/PLANTS/TRANSACTIONS/getActiveTypes</Name><Version>70</Version><WriterRoles>SAP_XMII_Super_Administrator,SAP_XMII_Administrator,SAP_XMII_Developer</WriterRoles><Context><ContextItem><Name>materialSAPID</Name><Description/><MinRange>0</MinRange><MaxRange>0</MaxRange><Value xsi:type="string">0000</Value><ReadOnly>false</ReadOnly><AlertXMLAssigned>false</AlertXMLAssigned></ContextItem><ContextItem><Name>OUTPUT</Name><Description/><MinRange>0</MinRange><MaxRange>0</MaxRange><Value xsi:type="xml"><ReferenceDocumentSource/></Value><SchemaURI/><SchemaElement/><ValidateXMLOnExecution>1</ValidateXMLOnExecution><ReadOnly>true</ReadOnly><AlertXMLAssigned>false</AlertXMLAssigned></ContextItem></Context><Local/><Layout><GUILayoutItem><Name>Sequence</Name><X>224</X><Y>8</Y><Width>120</Width><SpacingWidth>552</SpacingWidth><DescendantWidth>552</DescendantWidth><Height>96</Height></GUILayoutItem><GUILayoutItem><Name>Document_0</Name><X>232</X><Y>24</Y><Width>104</Width><SpacingWidth>0</SpacingWidth><DescendantWidth>0</DescendantWidth><Height>72</Height></GUILayoutItem><GUILayoutItem><Name>Sequence_4</Name><X>152</X><Y>144</Y><Width>120</Width><SpacingWidth>408</SpacingWidth><DescendantWidth>408</DescendantWidth><Height>96</Height></GUILayoutItem><GUILayoutItem><Name>Sequence_3</Name><X>80</X><Y>280</Y><Width>120</Width><SpacingWidth>264</SpacingWidth><DescendantWidth>264</DescendantWidth><Height>96</Height></GUILayoutItem><GUILayoutItem><Name>Sequence_6</Name><X>296</X><Y>416</Y><Width>120</Width><SpacingWidth>120</SpacingWidth><DescendantWidth>0</DescendantWidth><Height>96</Height></GUILayoutItem><GUILayoutItem><Name>Sequence_7</Name><X>80</X><Y>416</Y><Width>120</Width><SpacingWidth>264</SpacingWidth><DescendantWidth>264</DescendantWidth><Height>96</Height></GUILayoutItem><GUILayoutItem><Name>gotTypes</Name><X>88</X><Y>432</Y><Width>104</Width><SpacingWidth>0</SpacingWidth><DescendantWidth>0</DescendantWidth><Height>72</Height></GUILayoutItem><GUILayoutItem><Name>Sequence_9</Name><X>152</X><Y>552</Y><Width>120</Width><SpacingWidth>120</SpacingWidth><DescendantWidth>0</DescendantWidth><Height>96</Height></GUILayoutItem><GUILayoutItem><Name>Sequence_8</Name><X>8</X><Y>552</Y><Width>120</Width><SpacingWidth>120</SpacingWidth><DescendantWidth>120</DescendantWidth><Height>96</Height></GUILayoutItem><GUILayoutItem><Name>RepeatOnType</Name><X>16</X><Y>568</Y><Width>104</Width><SpacingWidth>0</SpacingWidth><DescendantWidth>0</DescendantWidth><Height>72</Height></GUILayoutItem><GUILayoutItem><Name>Sequence_10</Name><X>8</X><Y>688</Y><Width>120</Width><SpacingWidth>120</SpacingWidth><DescendantWidth>120</DescendantWidth><Height>96</Height></GUILayoutItem><GUILayoutItem><Name>ShowRowType</Name><X>16</X><Y>704</Y><Width>104</Width><SpacingWidth>0</SpacingWidth><DescendantWidth>0</DescendantWidth><Height>72</Height></GUILayoutItem><GUILayoutItem><Name>Sequence_11</Name><X>8</X><Y>824</Y><Width>120</Width><SpacingWidth>120</SpacingWidth><DescendantWidth>0</DescendantWidth><Height>96</Height></GUILayoutItem><GUILayoutItem><Name>GetPlantsErr_0</Name><X>160</X><Y>568</Y><Width>104</Width><SpacingWidth>0</SpacingWidth><DescendantWidth>0</DescendantWidth><Height>72</Height></GUILayoutItem><GUILayoutItem><Name>Add_Row_Type</Name><X>16</X><Y>840</Y><Width>104</Width><SpacingWidth>0</SpacingWidth><DescendantWidth>0</DescendantWidth><Height>72</Height></GUILayoutItem><GUILayoutItem><Name>Sequence_20</Name><X>440</X><Y>144</Y><Width>120</Width><SpacingWidth>120</SpacingWidth><DescendantWidth>120</DescendantWidth><Height>96</Height></GUILayoutItem><GUILayoutItem><Name>Assignment_OUTPUT</Name><X>448</X><Y>160</Y><Width>104</Width><SpacingWidth>0</SpacingWidth><DescendantWidth>0</DescendantWidth><Height>72</Height></GUILayoutItem><GUILayoutItem><Name>Sequence_21</Name><X>440</X><Y>280</Y><Width>120</Width><SpacingWidth>120</SpacingWidth><DescendantWidth>0</DescendantWidth><Height>96</Height></GUILayoutItem><GUILayoutItem><Name>ShowOutput</Name><X>448</X><Y>296</Y><Width>104</Width><SpacingWidth>0</SpacingWidth><DescendantWidth>0</DescendantWidth><Height>72</Height></GUILayoutItem><GUILayoutItem><Name>Exception_Enabler_0</Name><X>160</X><Y>160</Y><Width>104</Width><SpacingWidth>0</SpacingWidth><DescendantWidth>0</DescendantWidth><Height>72</Height></GUILayoutItem><GUILayoutItem><Name>Sequence_5</Name><X>296</X><Y>280</Y><Width>120</Width><SpacingWidth>120</SpacingWidth><DescendantWidth>120</DescendantWidth><Height>96</Height></GUILayoutItem><GUILayoutItem><Name>Catch_0</Name><X>304</X><Y>296</Y><Width>104</Width><SpacingWidth>0</SpacingWidth><DescendantWidth>0</DescendantWidth><Height>72</Height></GUILayoutItem><GUILayoutItem><Name>ShowCatch_0</Name><X>304</X><Y>432</Y><Width>104</Width><SpacingWidth>0</SpacingWidth><DescendantWidth>0</DescendantWidth><Height>72</Height></GUILayoutItem><GUILayoutItem><Name>getMatTypes</Name><X>88</X><Y>296</Y><Width>104</Width><SpacingWidth>0</SpacingWidth><DescendantWidth>0</DescendantWidth><Height>72</Height></GUILayoutItem></Layout><Actions><ContextItem><Name>Document_0</Name><Description/><MinRange>0</MinRange><MaxRange>0</MaxRange><Value xsi:type="IlluminatorDocument"><EndDate>2009-04-09T16:58:56</EndDate><StartDate>2009-04-09T16:58:56</StartDate><Output><ReferenceDocumentSource/>&lt;?xml version="1.0" encoding="UTF-8"?&gt;&lt;Rowsets DateCreated="2016-05-10T14:56:05" EndDate="2009-04-09T16:58:56" StartDate="2009-04-09T16:58:56" Version="15.0 SP4 Patch 11"&gt;&lt;Rowset&gt;&lt;Columns&gt;&lt;Column Description="" MaxRange="1" MinRange="0" Name="KEY" SQLDataType="1" SourceColumn="KEY"/&gt;&lt;Column Description="" MaxRange="1" MinRange="0" Name="TEXT" SQLDataType="1" SourceColumn="TEXT"/&gt;&lt;/Columns&gt;&lt;Row&gt;&lt;KEY&gt;STRING&lt;/KEY&gt;&lt;TEXT&gt;STRING&lt;/TEXT&gt;&lt;/Row&gt;&lt;/Rowset&gt;&lt;/Rowsets&gt;</Output><ColumnSpecifications><ContextItem><Name>KEY</Name><Description/><MinRange>0</MinRange><MaxRange>1</MaxRange><Value xsi:type="string">STRING</Value><ReadOnly>false</ReadOnly><AlertXMLAssigned>false</AlertXMLAssigned></ContextItem><ContextItem><Name>TEXT</Name><Description/><MinRange>0</MinRange><MaxRange>1</MaxRange><Value xsi:type="string">STRING</Value><ReadOnly>false</ReadOnly><AlertXMLAssigned>false</AlertXMLAssigned></ContextItem></ColumnSpecifications></Value><SchemaURI/><SchemaElement/><ValidateXMLOnExecution>1</ValidateXMLOnExecution><ReadOnly>false</ReadOnly><AlertXMLAssigned>false</AlertXMLAssigned></ContextItem><ContextItem><Name>gotTypes</Name><Description/><MinRange>0</MinRange><MaxRange>0</MaxRange><Value xsi:type="ConditionalAction"><Output>false</Output><InputCount>2</InputCount><LogicalAnd>true</LogicalAnd><Input1>false</Input1><Input2>false</Input2></Value><ReadOnly>false</ReadOnly><AlertXMLAssigned>false</AlertXMLAssigned></ContextItem><ContextItem><Name>RepeatOnType</Name><Description/><MinRange>0</MinRange><MaxRange>0</MaxRange><Value xsi:type="RepeaterAction"><Output><ReferenceDocumentSource/>&lt;?xml version="1.0" encoding="UTF-8"?&gt;&lt;Row&gt;&lt;materialType&gt;A&lt;/materialType&gt;&lt;/Row&gt;</Output><Break>false</Break><ItemCount>0</ItemCount><CurrentItem>0</CurrentItem><Source>getMatTypes.Results{/Rowsets/Rowset/Row}</Source><Item><ReferenceDocumentSource/>&lt;?xml version="1.0" encoding="UTF-8"?&gt;&lt;Row&gt;&lt;materialType&gt;A&lt;/materialType&gt;&lt;/Row&gt;</Item></Value><SchemaURI/><SchemaElement/><ValidateXMLOnExecution>1</ValidateXMLOnExecution><SchemaURI/><SchemaElement/><ValidateXMLOnExecution>1</ValidateXMLOnExecution><ReadOnly>false</ReadOnly><AlertXMLAssigned>false</AlertXMLAssigned></ContextItem><ContextItem><Name>ShowRowType</Name><Description/><MinRange>0</MinRange><MaxRange>0</MaxRange><Value xsi:type="Tracer"><Message/><Level>INFO</Level></Value><ReadOnly>false</ReadOnly><AlertXMLAssigned>false</AlertXMLAssigned></ContextItem><ContextItem><Name>GetPlantsErr_0</Name><Description/><MinRange>0</MinRange><MaxRange>0</MaxRange><Value xsi:type="Tracer"><Message/><Level>INFO</Level></Value><ReadOnly>false</ReadOnly><AlertXMLAssigned>false</AlertXMLAssigned></ContextItem><ContextItem><Name>Add_Row_Type</Name><Description/><MinRange>0</MinRange><MaxRange>0</MaxRange><Value xsi:type="IlluminatorRow"><IlluminatorDocument>Document_0.Output</IlluminatorDocument></Value><ReadOnly>false</ReadOnly><AlertXMLAssigned>false</AlertXMLAssigned></ContextItem><ContextItem><Name>Assignment_OUTPUT</Name><Description/><MinRange>0</MinRange><MaxRange>0</MaxRange><Value xsi:type="Assignment"/><ReadOnly>false</ReadOnly><AlertXMLAssigned>false</AlertXMLAssigned></ContextItem><ContextItem><Name>ShowOutput</Name><Description/><MinRange>0</MinRange><MaxRange>0</MaxRange><Value xsi:type="Tracer"><Message/><Level>INFO</Level></Value><ReadOnly>false</ReadOnly><AlertXMLAssigned>false</AlertXMLAssigned></ContextItem><ContextItem><Name>Exception_Enabler_0</Name><Description/><MinRange>0</MinRange><MaxRange>0</MaxRange><Value xsi:type="ExceptionEnabler"><EnableActionExceptions>true</EnableActionExceptions><EnableLinkExceptions>true</EnableLinkExceptions></Value><ReadOnly>false</ReadOnly><AlertXMLAssigned>false</AlertXMLAssigned></ContextItem><ContextItem><Name>Catch_0</Name><Description/><MinRange>0</MinRange><MaxRange>0</MaxRange><Value xsi:type="CatchAction"/><ReadOnly>false</ReadOnly><AlertXMLAssigned>false</AlertXMLAssigned></ContextItem><ContextItem><Name>ShowCatch_0</Name><Description/><MinRange>0</MinRange><MaxRange>0</MaxRange><Value xsi:type="Tracer"><Message/><Level>INFO</Level></Value><ReadOnly>false</ReadOnly><AlertXMLAssigned>false</AlertXMLAssigned></ContextItem><ContextItem><Name>getMatTypes</Name><Description/><MinRange>0</MinRange><MaxRange>0</MaxRange><Value xsi:type="IlluminatorSQLQueryObject"><Timeout>60</Timeout><QueryParameters/><QueryTemplate>MESM/PLANTS/QUERIES/getMatTypes</QueryTemplate><QueryStartDate>2016-05-10T14:52:34</QueryStartDate><QueryEndDate>2016-05-10T14:52:34</QueryEndDate><SQLTransaction/><Results><ReferenceDocumentSource/>&lt;?xml version="1.0" encoding="UTF-8"?&gt;&lt;Rowsets CachedTime="" DateCreated="2016-05-10T14:52:37" EndDate="2016-05-10T14:52:37" StartDate="2016-05-10T13:52:37" Version="15.0 SP4 Patch 11 (Aug 28, 2015)"&gt;&lt;Rowset&gt;&lt;Columns&gt;&lt;Column Description="materialType" MaxRange="1" MinRange="0" Name="materialType" SQLDataType="-9" SourceColumn="materialType"/&gt;&lt;/Columns&gt;&lt;Row&gt;&lt;materialType&gt;A&lt;/materialType&gt;&lt;/Row&gt;&lt;Row&gt;&lt;materialType&gt;B&lt;/materialType&gt;&lt;/Row&gt;&lt;Row&gt;&lt;materialType&gt;E&lt;/materialType&gt;&lt;/Row&gt;&lt;Row&gt;&lt;materialType&gt;F&lt;/materialType&gt;&lt;/Row&gt;&lt;Row&gt;&lt;materialType&gt;J&lt;/materialType&gt;&lt;/Row&gt;&lt;Row&gt;&lt;materialType&gt;M&lt;/materialType&gt;&lt;/Row&gt;&lt;Row&gt;&lt;materialType&gt;R&lt;/materialType&gt;&lt;/Row&gt;&lt;/Rowset&gt;&lt;/Rowsets&gt;</Results><TagList/></Value><SchemaURI/><SchemaElement/><ValidateXMLOnExecution>1</ValidateXMLOnExecution><ReadOnly>false</ReadOnly><AlertXMLAssigned>false</AlertXMLAssigned></ContextItem></Actions><ReaderRoles>SAP_XMII_Super_Administrator,SAP_XMII_Administrator,SAP_XMII_Developer,SAP_XMII_User</ReaderRoles><Steps><Step xsi:type="ActionSequence"><Name>Sequence</Name><Description/><Steps><Step xsi:type="ActionSequence"><Name>Sequence_4</Name><Description/><Steps><Step xsi:type="ActionSequence"><Name>Sequence_3</Name><Description/><Steps><Step xsi:type="Conditional"><Name>Sequence_7</Name><Description/><Steps><Step xsi:type="Repeater"><Name>Sequence_8</Name><Description/><Steps><Step xsi:type="ActionSequence"><Name>Sequence_10</Name><Description/><Steps><Step xsi:type="ActionSequence"><Name>Sequence_11</Name><Description/><Steps/><Actions><Action><Name>Add_Row_Type</Name><Description> </Description><IncomingLinks><Assign xsi:type="Assign"><Name/><Description/><To>Add_Row_Type.KEY</To><From>RepeatOnType.Output{/Row/materialType}</From></Assign><Assign xsi:type="Assign"><Name/><Description/><To>Add_Row_Type.TEXT</To><From>"TYPE " &amp; RepeatOnType.Output{/Row/materialType}</From></Assign></IncomingLinks><OutgoingLinks/></Action></Actions></Step></Steps><Actions><Action><Name>ShowRowType</Name><Description> </Description><IncomingLinks><Assign xsi:type="Assign"><Name/><Description/><To>ShowRowType.Message</To><From>" &gt;&gt; Type " &amp; RepeatOnType.Output{/Row/materialType}</From></Assign></IncomingLinks><OutgoingLinks/></Action></Actions></Step></Steps><Actions><Action><Name>RepeatOnType</Name><Description> </Description><IncomingLinks/><OutgoingLinks/></Action></Actions></Step><Step xsi:type="ActionSequence"><Name>Sequence_9</Name><Description/><Steps/><Actions><Action><Name>GetPlantsErr_0</Name><Description> </Description><IncomingLinks><Assign xsi:type="Assign"><Name/><Description/><To>GetPlantsErr_0.Message</To><From>" No Plants Retrieved .."</From></Assign></IncomingLinks><OutgoingLinks/></Action></Actions></Step></Steps><Actions><Action><Name>gotTypes</Name><Description> </Description><IncomingLinks><Assign xsi:type="Assign"><Name/><Description/><To>gotTypes.Input2</To><From>if( getMatTypes.Results{count(/Rowsets/Rowset/Row)}&gt;0, 1,0)</From></Assign><Assign xsi:type="Assign"><Name/><Description/><To>gotTypes.Input1</To><From>getMatTypes.Success</From></Assign></IncomingLinks><OutgoingLinks/></Action></Actions></Step></Steps><Actions><Action><Name>getMatTypes</Name><Description>SQL Query</Description><IncomingLinks><Assign xsi:type="Assign"><Name/><Description/><To>getMatTypes.Param.1</To><From>Transaction.materialSAPID</From></Assign></IncomingLinks><OutgoingLinks/></Action></Actions></Step><Step xsi:type="Catch"><Name>Sequence_5</Name><Description/><Steps><Step xsi:type="ActionSequence"><Name>Sequence_6</Name><Description/><Steps/><Actions><Action><Name>ShowCatch_0</Name><Description> </Description><IncomingLinks><Assign xsi:type="Assign"><Name/><Description/><To>ShowCatch_0.Message</To><From>Catch_0.Message</From></Assign></IncomingLinks><OutgoingLinks/></Action></Actions></Step></Steps><Actions><Action><Name>Catch_0</Name><Description>Catches an exception</Description><IncomingLinks/><OutgoingLinks/></Action></Actions></Step></Steps><Actions><Action><Name>Exception_Enabler_0</Name><Description>Enables exceptions.</Description><IncomingLinks/><OutgoingLinks/></Action></Actions></Step><Step xsi:type="ActionSequence"><Name>Sequence_20</Name><Description/><Steps><Step xsi:type="ActionSequence"><Name>Sequence_21</Name><Description/><Steps/><Actions><Action><Name>ShowOutput</Name><Description> </Description><IncomingLinks><Assign xsi:type="Assign"><Name/><Description/><To>ShowOutput.Message</To><From>Transaction.OUTPUT</From></Assign></IncomingLinks><OutgoingLinks/></Action></Actions></Step></Steps><Actions><Action><Name>Assignment_OUTPUT</Name><Description> </Description><IncomingLinks/><OutgoingLinks><Assign xsi:type="AssignXml"><Name/><Description/><To>Transaction.OUTPUT</To><From>Document_0.Output</From></Assign></OutgoingLinks></Action></Actions></Step></Steps><Actions><Action><Name>Document_0</Name><Description> </Description><IncomingLinks/><OutgoingLinks/></Action></Actions></Step></Steps></Transaction>